<?xml version="1.0" encoding="UTF-8" standalone="yes"?><!DOCTYPE report PUBLIC "-//JACOCO//DTD Report 1.1//EN" "report.dtd"><report name="protostuff-parser (25 de ago de 2020 08:41:54)"><sessioninfo id="desktop-lucredio-eeeae9b0" start="1598355713722" dump="1598355714382"/><group name="protostuff-parser"><group name="src/test/java"><package name="io/protostuff/parser"><class name="io/protostuff/parser/AnnotationTest" sourcefilename="AnnotationTest.java"><method name="&lt;init&gt;" desc="()V" line="32"><counter type="INSTRUCTION" missed="0" covered="3"/><counter type="LINE" missed="0" covered="1"/><counter type="COMPLEXITY" missed="0" covered="1"/><counter type="METHOD" missed="0" covered="1"/></method><method name="testIt" desc="()V" line="38"><counter type="INSTRUCTION" missed="12" covered="422"/><counter type="BRANCH" missed="14" covered="14"/><counter type="LINE" missed="0" covered="102"/><counter type="COMPLEXITY" missed="14" covered="1"/><counter type="METHOD" missed="0" covered="1"/></method><counter type="INSTRUCTION" missed="12" covered="425"/><counter type="BRANCH" missed="14" covered="14"/><counter type="LINE" missed="0" covered="103"/><counter type="COMPLEXITY" missed="14" covered="2"/><counter type="METHOD" missed="0" covered="2"/><counter type="CLASS" missed="0" covered="1"/></class><class name="io/protostuff/parser/OptionTest" sourcefilename="OptionTest.java"><method name="&lt;init&gt;" desc="()V" line="27"><counter type="INSTRUCTION" missed="0" covered="3"/><counter type="LINE" missed="0" covered="1"/><counter type="COMPLEXITY" missed="0" covered="1"/><counter type="METHOD" missed="0" covered="1"/></method><method name="testIt" desc="()V" line="32"><counter type="INSTRUCTION" missed="0" covered="85"/><counter type="LINE" missed="0" covered="21"/><counter type="COMPLEXITY" missed="0" covered="1"/><counter type="METHOD" missed="0" covered="1"/></method><counter type="INSTRUCTION" missed="0" covered="88"/><counter type="LINE" missed="0" covered="22"/><counter type="COMPLEXITY" missed="0" covered="2"/><counter type="METHOD" missed="0" covered="2"/><counter type="CLASS" missed="0" covered="1"/></class><class name="io/protostuff/parser/ConfiguredReferenceTest" sourcefilename="ConfiguredReferenceTest.java"><method name="&lt;init&gt;" desc="()V" line="41"><counter type="INSTRUCTION" missed="0" covered="3"/><counter type="LINE" missed="0" covered="1"/><counter type="COMPLEXITY" missed="0" covered="1"/><counter type="METHOD" missed="0" covered="1"/></method><method name="testIt" desc="()V" line="46"><counter type="INSTRUCTION" missed="0" covered="101"/><counter type="LINE" missed="0" covered="30"/><counter type="COMPLEXITY" missed="0" covered="1"/><counter type="METHOD" missed="0" covered="1"/></method><method name="verifyCarAnnotations" desc="(Lio/protostuff/parser/Message;Lio/protostuff/parser/Message;Lio/protostuff/parser/Message;Lio/protostuff/parser/EnumGroup;Lio/protostuff/parser/EnumGroup;Lio/protostuff/parser/EnumGroup;Lio/protostuff/parser/Message;Lio/protostuff/parser/Message;)V" line="95"><counter type="INSTRUCTION" missed="31" covered="104"/><counter type="BRANCH" missed="14" covered="10"/><counter type="LINE" missed="2" covered="20"/><counter type="COMPLEXITY" missed="12" covered="1"/><counter type="METHOD" missed="0" covered="1"/></method><method name="verifyCarOptions" desc="(Lio/protostuff/parser/Message;Lio/protostuff/parser/Message;Lio/protostuff/parser/Message;Lio/protostuff/parser/EnumGroup;Lio/protostuff/parser/EnumGroup;Lio/protostuff/parser/EnumGroup;Lio/protostuff/parser/Message;Lio/protostuff/parser/Message;)V" line="128"><counter type="INSTRUCTION" missed="51" covered="265"/><counter type="BRANCH" missed="32" covered="28"/><counter type="LINE" missed="2" covered="34"/><counter type="COMPLEXITY" missed="30" covered="1"/><counter type="METHOD" missed="0" covered="1"/></method><method name="verifyPart" desc="(Lio/protostuff/parser/Message;)V" line="174"><counter type="INSTRUCTION" missed="2" covered="29"/><counter type="BRANCH" missed="2" covered="2"/><counter type="LINE" missed="0" covered="6"/><counter type="COMPLEXITY" missed="2" covered="1"/><counter type="METHOD" missed="0" covered="1"/></method><method name="verifyCondition" desc="(Lio/protostuff/parser/EnumGroup;)V" line="186"><counter type="INSTRUCTION" missed="2" covered="29"/><counter type="BRANCH" missed="2" covered="2"/><counter type="LINE" missed="0" covered="6"/><counter type="COMPLEXITY" missed="2" covered="1"/><counter type="METHOD" missed="0" covered="1"/></method><method name="verifyCarService" desc="(Lio/protostuff/parser/Service;Lio/protostuff/parser/Message;Lio/protostuff/parser/EnumGroup;)V" line="198"><counter type="INSTRUCTION" missed="4" covered="75"/><counter type="BRANCH" missed="4" covered="4"/><counter type="LINE" missed="0" covered="15"/><counter type="COMPLEXITY" missed="4" covered="1"/><counter type="METHOD" missed="0" covered="1"/></method><counter type="INSTRUCTION" missed="90" covered="606"/><counter type="BRANCH" missed="54" covered="46"/><counter type="LINE" missed="4" covered="112"/><counter type="COMPLEXITY" missed="50" covered="7"/><counter type="METHOD" missed="0" covered="7"/><counter type="CLASS" missed="0" covered="1"/></class><class name="io/protostuff/parser/ReservedWordsAsVariablesTest" sourcefilename="ReservedWordsAsVariablesTest.java"><method name="&lt;init&gt;" desc="()V" line="28"><counter type="INSTRUCTION" missed="0" covered="3"/><counter type="LINE" missed="0" covered="1"/><counter type="COMPLEXITY" missed="0" covered="1"/><counter type="METHOD" missed="0" covered="1"/></method><method name="testIt" desc="()V" line="33"><counter type="INSTRUCTION" missed="34" covered="392"/><counter type="BRANCH" missed="34" covered="34"/><counter type="LINE" missed="0" covered="64"/><counter type="COMPLEXITY" missed="34" covered="1"/><counter type="METHOD" missed="0" covered="1"/></method><method name="verifyConfig" desc="(Ljava/util/Map;)V" line="116"><counter type="INSTRUCTION" missed="0" covered="31"/><counter type="LINE" missed="0" covered="7"/><counter type="COMPLEXITY" missed="0" covered="1"/><counter type="METHOD" missed="0" covered="1"/></method><counter type="INSTRUCTION" missed="34" covered="426"/><counter type="BRANCH" missed="34" covered="34"/><counter type="LINE" missed="0" covered="72"/><counter type="COMPLEXITY" missed="34" covered="3"/><counter type="METHOD" missed="0" covered="3"/><counter type="CLASS" missed="0" covered="1"/></class><class name="io/protostuff/parser/ProtoServiceTest" sourcefilename="ProtoServiceTest.java"><method name="&lt;init&gt;" desc="()V" line="28"><counter type="INSTRUCTION" missed="0" covered="3"/><counter type="LINE" missed="0" covered="1"/><counter type="COMPLEXITY" missed="0" covered="1"/><counter type="METHOD" missed="0" covered="1"/></method><method name="testRpc" desc="()V" line="33"><counter type="INSTRUCTION" missed="37" covered="552"/><counter type="BRANCH" missed="37" covered="37"/><counter type="LINE" missed="0" covered="131"/><counter type="COMPLEXITY" missed="37" covered="1"/><counter type="METHOD" missed="0" covered="1"/></method><method name="verifyNested" desc="(Lio/protostuff/parser/Message;Lio/protostuff/parser/Message;Lio/protostuff/parser/Message;Lio/protostuff/parser/Message;)V" line="211"><counter type="INSTRUCTION" missed="14" covered="201"/><counter type="BRANCH" missed="14" covered="14"/><counter type="LINE" missed="0" covered="48"/><counter type="COMPLEXITY" missed="14" covered="1"/><counter type="METHOD" missed="0" covered="1"/></method><counter type="INSTRUCTION" missed="51" covered="756"/><counter type="BRANCH" missed="51" covered="51"/><counter type="LINE" missed="0" covered="180"/><counter type="COMPLEXITY" missed="51" covered="3"/><counter type="METHOD" missed="0" covered="3"/><counter type="CLASS" missed="0" covered="1"/></class><class name="io/protostuff/parser/ProtoParserTest" sourcefilename="ProtoParserTest.java"><method name="&lt;init&gt;" desc="()V" line="30"><counter type="INSTRUCTION" missed="0" covered="3"/><counter type="LINE" missed="0" covered="1"/><counter type="COMPLEXITY" missed="0" covered="1"/><counter type="METHOD" missed="0" covered="1"/></method><method name="getResource" desc="(Ljava/lang/String;)Ljava/net/URL;" line="35"><counter type="INSTRUCTION" missed="5" covered="0"/><counter type="LINE" missed="1" covered="0"/><counter type="COMPLEXITY" missed="1" covered="0"/><counter type="METHOD" missed="1" covered="0"/></method><method name="getFile" desc="(Ljava/lang/String;)Ljava/io/File;" line="40"><counter type="INSTRUCTION" missed="0" covered="9"/><counter type="LINE" missed="0" covered="1"/><counter type="COMPLEXITY" missed="0" covered="1"/><counter type="METHOD" missed="0" covered="1"/></method><method name="testSimple" desc="()V" line="45"><counter type="INSTRUCTION" missed="30" covered="483"/><counter type="BRANCH" missed="53" covered="53"/><counter type="LINE" missed="0" covered="77"/><counter type="COMPLEXITY" missed="53" covered="1"/><counter type="METHOD" missed="0" covered="1"/></method><method name="testImport" desc="()V" line="135"><counter type="INSTRUCTION" missed="61" covered="1088"/><counter type="BRANCH" missed="65" covered="65"/><counter type="LINE" missed="0" covered="213"/><counter type="COMPLEXITY" missed="65" covered="1"/><counter type="METHOD" missed="0" covered="1"/></method><method name="testEnumWithTrailingSemicolon" desc="()V" line="401"><counter type="INSTRUCTION" missed="0" covered="19"/><counter type="LINE" missed="0" covered="6"/><counter type="COMPLEXITY" missed="0" covered="1"/><counter type="METHOD" missed="0" covered="1"/></method><method name="testDescriptorProto" desc="()V" line="411"><counter type="INSTRUCTION" missed="0" covered="19"/><counter type="LINE" missed="0" covered="6"/><counter type="COMPLEXITY" missed="0" covered="1"/><counter type="METHOD" missed="0" covered="1"/></method><counter type="INSTRUCTION" missed="96" covered="1621"/><counter type="BRANCH" missed="118" covered="118"/><counter type="LINE" missed="1" covered="304"/><counter type="COMPLEXITY" missed="119" covered="6"/><counter type="METHOD" missed="1" covered="6"/><counter type="CLASS" missed="0" covered="1"/></class><class name="io/protostuff/parser/FieldTest" sourcefilename="FieldTest.java"><method name="&lt;init&gt;" desc="()V" line="9"><counter type="INSTRUCTION" missed="0" covered="3"/><counter type="LINE" missed="0" covered="1"/><counter type="COMPLEXITY" missed="0" covered="1"/><counter type="METHOD" missed="0" covered="1"/></method><method name="testBasicProtoTypes" desc="()V" line="14"><counter type="INSTRUCTION" missed="0" covered="91"/><counter type="LINE" missed="0" covered="16"/><counter type="COMPLEXITY" missed="0" covered="1"/><counter type="METHOD" missed="0" covered="1"/></method><counter type="INSTRUCTION" missed="0" covered="94"/><counter type="LINE" missed="0" covered="17"/><counter type="COMPLEXITY" missed="0" covered="2"/><counter type="METHOD" missed="0" covered="2"/><counter type="CLASS" missed="0" covered="1"/></class><class name="io/protostuff/parser/DeepReferenceTest" sourcefilename="DeepReferenceTest.java"><method name="&lt;init&gt;" desc="()V" line="27"><counter type="INSTRUCTION" missed="0" covered="3"/><counter type="LINE" missed="0" covered="1"/><counter type="COMPLEXITY" missed="0" covered="1"/><counter type="METHOD" missed="0" covered="1"/></method><method name="testIt" desc="()V" line="32"><counter type="INSTRUCTION" missed="55" covered="577"/><counter type="BRANCH" missed="55" covered="55"/><counter type="LINE" missed="0" covered="101"/><counter type="COMPLEXITY" missed="55" covered="1"/><counter type="METHOD" missed="0" covered="1"/></method><method name="getMessageField" desc="(Ljava/lang/String;Lio/protostuff/parser/Message;)Lio/protostuff/parser/Message;" line="176"><counter type="INSTRUCTION" missed="0" covered="6"/><counter type="LINE" missed="0" covered="1"/><counter type="COMPLEXITY" missed="0" covered="1"/><counter type="METHOD" missed="0" covered="1"/></method><counter type="INSTRUCTION" missed="55" covered="586"/><counter type="BRANCH" missed="55" covered="55"/><counter type="LINE" missed="0" covered="103"/><counter type="COMPLEXITY" missed="55" covered="3"/><counter type="METHOD" missed="0" covered="3"/><counter type="CLASS" missed="0" covered="1"/></class><class name="io/protostuff/parser/DuplicateEntriesTest" sourcefilename="DuplicateEntriesTest.java"><method name="&lt;init&gt;" desc="()V" line="27"><counter type="INSTRUCTION" missed="0" covered="3"/><counter type="LINE" missed="0" covered="1"/><counter type="COMPLEXITY" missed="0" covered="1"/><counter type="METHOD" missed="0" covered="1"/></method><method name="assertDup" desc="(Ljava/lang/String;)V" line="32"><counter type="INSTRUCTION" missed="7" covered="13"/><counter type="LINE" missed="4" covered="5"/><counter type="COMPLEXITY" missed="0" covered="1"/><counter type="METHOD" missed="0" covered="1"/></method><method name="testDupEnum" desc="()V" line="53"><counter type="INSTRUCTION" missed="0" covered="4"/><counter type="LINE" missed="0" covered="2"/><counter type="COMPLEXITY" missed="0" covered="1"/><counter type="METHOD" missed="0" covered="1"/></method><method name="testDupNestedEnum" desc="()V" line="58"><counter type="INSTRUCTION" missed="0" covered="4"/><counter type="LINE" missed="0" covered="2"/><counter type="COMPLEXITY" missed="0" covered="1"/><counter type="METHOD" missed="0" covered="1"/></method><method name="testDupMessage" desc="()V" line="63"><counter type="INSTRUCTION" missed="0" covered="4"/><counter type="LINE" missed="0" covered="2"/><counter type="COMPLEXITY" missed="0" covered="1"/><counter type="METHOD" missed="0" covered="1"/></method><method name="testDupNestedMessage" desc="()V" line="68"><counter type="INSTRUCTION" missed="0" covered="4"/><counter type="LINE" missed="0" covered="2"/><counter type="COMPLEXITY" missed="0" covered="1"/><counter type="METHOD" missed="0" covered="1"/></method><method name="testDupRpcMethod" desc="()V" line="73"><counter type="INSTRUCTION" missed="0" covered="4"/><counter type="LINE" missed="0" covered="2"/><counter type="COMPLEXITY" missed="0" covered="1"/><counter type="METHOD" missed="0" covered="1"/></method><method name="testDupService" desc="()V" line="78"><counter type="INSTRUCTION" missed="0" covered="4"/><counter type="LINE" missed="0" covered="2"/><counter type="COMPLEXITY" missed="0" covered="1"/><counter type="METHOD" missed="0" covered="1"/></method><counter type="INSTRUCTION" missed="7" covered="40"/><counter type="LINE" missed="4" covered="18"/><counter type="COMPLEXITY" missed="0" covered="8"/><counter type="METHOD" missed="0" covered="8"/><counter type="CLASS" missed="0" covered="1"/></class><class name="io/protostuff/parser/ProtoUtilTest" sourcefilename="ProtoUtilTest.java"><method name="&lt;init&gt;" desc="()V" line="10"><counter type="INSTRUCTION" missed="0" covered="3"/><counter type="LINE" missed="0" covered="1"/><counter type="COMPLEXITY" missed="0" covered="1"/><counter type="METHOD" missed="0" covered="1"/></method><method name="testToCamelCase" desc="()V" line="16"><counter type="INSTRUCTION" missed="0" covered="26"/><counter type="LINE" missed="0" covered="6"/><counter type="COMPLEXITY" missed="0" covered="1"/><counter type="METHOD" missed="0" covered="1"/></method><method name="testToPascalCase" desc="()V" line="26"><counter type="INSTRUCTION" missed="0" covered="26"/><counter type="LINE" missed="0" covered="6"/><counter type="COMPLEXITY" missed="0" covered="1"/><counter type="METHOD" missed="0" covered="1"/></method><method name="testToUnderscoreCase" desc="()V" line="36"><counter type="INSTRUCTION" missed="0" covered="26"/><counter type="LINE" missed="0" covered="6"/><counter type="COMPLEXITY" missed="0" covered="1"/><counter type="METHOD" missed="0" covered="1"/></method><counter type="INSTRUCTION" missed="0" covered="81"/><counter type="LINE" missed="0" covered="19"/><counter type="COMPLEXITY" missed="0" covered="4"/><counter type="METHOD" missed="0" covered="4"/><counter type="CLASS" missed="0" covered="1"/></class><class name="io/protostuff/parser/DefaultProtoLoaderTest" sourcefilename="DefaultProtoLoaderTest.java"><method name="&lt;init&gt;" desc="()V" line="27"><counter type="INSTRUCTION" missed="0" covered="3"/><counter type="LINE" missed="0" covered="1"/><counter type="COMPLEXITY" missed="0" covered="1"/><counter type="METHOD" missed="0" covered="1"/></method><method name="testPackageBaseDir" desc="()V" line="32"><counter type="INSTRUCTION" missed="0" covered="14"/><counter type="LINE" missed="0" covered="6"/><counter type="COMPLEXITY" missed="0" covered="1"/><counter type="METHOD" missed="0" covered="1"/></method><method name="testLoadProtoFromClasspath" desc="()V" line="41"><counter type="INSTRUCTION" missed="0" covered="11"/><counter type="LINE" missed="0" covered="5"/><counter type="COMPLEXITY" missed="0" covered="1"/><counter type="METHOD" missed="0" covered="1"/></method><method name="testImportFromClasspath" desc="()V" line="49"><counter type="INSTRUCTION" missed="1" covered="58"/><counter type="BRANCH" missed="1" covered="1"/><counter type="LINE" missed="0" covered="18"/><counter type="COMPLEXITY" missed="1" covered="1"/><counter type="METHOD" missed="0" covered="1"/></method><counter type="INSTRUCTION" missed="1" covered="86"/><counter type="BRANCH" missed="1" covered="1"/><counter type="LINE" missed="0" covered="30"/><counter type="COMPLEXITY" missed="1" covered="4"/><counter type="METHOD" missed="0" covered="4"/><counter type="CLASS" missed="0" covered="1"/></class><sourcefile name="FieldTest.java"><line nr="9" mi="0" ci="3" mb="0" cb="0"/><line nr="14" mi="0" ci="6" mb="0" cb="0"/><line nr="15" mi="0" ci="6" mb="0" cb="0"/><line nr="16" mi="0" ci="6" mb="0" cb="0"/><line nr="17" mi="0" ci="6" mb="0" cb="0"/><line nr="18" mi="0" ci="6" mb="0" cb="0"/><line nr="19" mi="0" ci="6" mb="0" cb="0"/><line nr="20" mi="0" ci="6" mb="0" cb="0"/><line nr="21" mi="0" ci="6" mb="0" cb="0"/><line nr="22" mi="0" ci="6" mb="0" cb="0"/><line nr="23" mi="0" ci="6" mb="0" cb="0"/><line nr="24" mi="0" ci="6" mb="0" cb="0"/><line nr="25" mi="0" ci="6" mb="0" cb="0"/><line nr="26" mi="0" ci="6" mb="0" cb="0"/><line nr="27" mi="0" ci="6" mb="0" cb="0"/><line nr="28" mi="0" ci="6" mb="0" cb="0"/><line nr="29" mi="0" ci="1" mb="0" cb="0"/><counter type="INSTRUCTION" missed="0" covered="94"/><counter type="LINE" missed="0" covered="17"/><counter type="COMPLEXITY" missed="0" covered="2"/><counter type="METHOD" missed="0" covered="2"/><counter type="CLASS" missed="0" covered="1"/></sourcefile><sourcefile name="DefaultProtoLoaderTest.java"><line nr="27" mi="0" ci="3" mb="0" cb="0"/><line nr="32" mi="0" ci="2" mb="0" cb="0"/><line nr="33" mi="0" ci="1" mb="0" cb="0"/><line nr="34" mi="0" ci="3" mb="0" cb="0"/><line nr="35" mi="0" ci="3" mb="0" cb="0"/><line nr="36" mi="0" ci="4" mb="0" cb="0"/><line nr="37" mi="0" ci="1" mb="0" cb="0"/><line nr="41" mi="0" ci="2" mb="0" cb="0"/><line nr="42" mi="0" ci="2" mb="0" cb="0"/><line nr="43" mi="0" ci="2" mb="0" cb="0"/><line nr="44" mi="0" ci="4" mb="0" cb="0"/><line nr="45" mi="0" ci="1" mb="0" cb="0"/><line nr="49" mi="0" ci="5" mb="0" cb="0"/><line nr="50" mi="0" ci="3" mb="0" cb="0"/><line nr="51" mi="0" ci="3" mb="0" cb="0"/><line nr="52" mi="0" ci="4" mb="0" cb="0"/><line nr="54" mi="0" ci="4" mb="0" cb="0"/><line nr="55" mi="0" ci="2" mb="0" cb="0"/><line nr="57" mi="0" ci="4" mb="0" cb="0"/><line nr="58" mi="0" ci="4" mb="0" cb="0"/><line nr="60" mi="0" ci="2" mb="0" cb="0"/><line nr="61" mi="0" ci="2" mb="0" cb="0"/><line nr="63" mi="0" ci="3" mb="0" cb="0"/><line nr="64" mi="0" ci="3" mb="0" cb="0"/><line nr="66" mi="0" ci="4" mb="0" cb="0"/><line nr="67" mi="0" ci="4" mb="0" cb="0"/><line nr="69" mi="0" ci="2" mb="0" cb="0"/><line nr="70" mi="0" ci="2" mb="0" cb="0"/><line nr="72" mi="1" ci="6" mb="1" cb="1"/><line nr="73" mi="0" ci="1" mb="0" cb="0"/><counter type="INSTRUCTION" missed="1" covered="86"/><counter type="BRANCH" missed="1" covered="1"/><counter type="LINE" missed="0" covered="30"/><counter type="COMPLEXITY" missed="1" covered="4"/><counter type="METHOD" missed="0" covered="4"/><counter type="CLASS" missed="0" covered="1"/></sourcefile><sourcefile name="DuplicateEntriesTest.java"><line nr="27" mi="0" ci="3" mb="0" cb="0"/><line nr="32" mi="0" ci="3" mb="0" cb="0"/><line nr="33" mi="0" ci="3" mb="0" cb="0"/><line nr="35" mi="0" ci="5" mb="0" cb="0"/><line nr="39" mi="3" ci="0" mb="0" cb="0"/><line nr="40" mi="1" ci="0" mb="0" cb="0"/><line nr="41" mi="0" ci="1" mb="0" cb="0"/><line nr="45" mi="0" ci="1" mb="0" cb="0"/><line nr="48" mi="2" ci="0" mb="0" cb="0"/><line nr="49" mi="1" ci="0" mb="0" cb="0"/><line nr="53" mi="0" ci="3" mb="0" cb="0"/><line nr="54" mi="0" ci="1" mb="0" cb="0"/><line nr="58" mi="0" ci="3" mb="0" cb="0"/><line nr="59" mi="0" ci="1" mb="0" cb="0"/><line nr="63" mi="0" ci="3" mb="0" cb="0"/><line nr="64" mi="0" ci="1" mb="0" cb="0"/><line nr="68" mi="0" ci="3" mb="0" cb="0"/><line nr="69" mi="0" ci="1" mb="0" cb="0"/><line nr="73" mi="0" ci="3" mb="0" cb="0"/><line nr="74" mi="0" ci="1" mb="0" cb="0"/><line nr="78" mi="0" ci="3" mb="0" cb="0"/><line nr="79" mi="0" ci="1" mb="0" cb="0"/><counter type="INSTRUCTION" missed="7" covered="40"/><counter type="LINE" missed="4" covered="18"/><counter type="COMPLEXITY" missed="0" covered="8"/><counter type="METHOD" missed="0" covered="8"/><counter type="CLASS" missed="0" covered="1"/></sourcefile><sourcefile name="OptionTest.java"><line nr="27" mi="0" ci="3" mb="0" cb="0"/><line nr="32" mi="0" ci="3" mb="0" cb="0"/><line nr="33" mi="0" ci="3" mb="0" cb="0"/><line nr="35" mi="0" ci="5" mb="0" cb="0"/><line nr="36" mi="0" ci="3" mb="0" cb="0"/><line nr="38" mi="0" ci="4" mb="0" cb="0"/><line nr="39" mi="0" ci="2" mb="0" cb="0"/><line nr="40" mi="0" ci="2" mb="0" cb="0"/><line nr="41" mi="0" ci="5" mb="0" cb="0"/><line nr="42" mi="0" ci="5" mb="0" cb="0"/><line nr="44" mi="0" ci="4" mb="0" cb="0"/><line nr="45" mi="0" ci="2" mb="0" cb="0"/><line nr="46" mi="0" ci="5" mb="0" cb="0"/><line nr="48" mi="0" ci="4" mb="0" cb="0"/><line nr="49" mi="0" ci="2" mb="0" cb="0"/><line nr="50" mi="0" ci="6" mb="0" cb="0"/><line nr="52" mi="0" ci="4" mb="0" cb="0"/><line nr="53" mi="0" ci="7" mb="0" cb="0"/><line nr="54" mi="0" ci="6" mb="0" cb="0"/><line nr="55" mi="0" ci="6" mb="0" cb="0"/><line nr="56" mi="0" ci="6" mb="0" cb="0"/><line nr="57" mi="0" ci="1" mb="0" cb="0"/><counter type="INSTRUCTION" missed="0" covered="88"/><counter type="LINE" missed="0" covered="22"/><counter type="COMPLEXITY" missed="0" covered="2"/><counter type="METHOD" missed="0" covered="2"/><counter type="CLASS" missed="0" covered="1"/></sourcefile><sourcefile name="ProtoServiceTest.java"><line nr="28" mi="0" ci="3" mb="0" cb="0"/><line nr="33" mi="0" ci="3" mb="0" cb="0"/><line nr="34" mi="0" ci="3" mb="0" cb="0"/><line nr="35" mi="0" ci="5" mb="0" cb="0"/><line nr="36" mi="0" ci="3" mb="0" cb="0"/><line nr="38" mi="1" ci="8" mb="1" cb="1"/><line nr="40" mi="0" ci="5" mb="0" cb="0"/><line nr="41" mi="0" ci="2" mb="0" cb="0"/><line nr="43" mi="0" ci="3" mb="0" cb="0"/><line nr="44" mi="0" ci="2" mb="0" cb="0"/><line nr="45" mi="0" ci="2" mb="0" cb="0"/><line nr="47" mi="0" ci="4" mb="0" cb="0"/><line nr="48" mi="0" ci="2" mb="0" cb="0"/><line nr="50" mi="0" ci="4" mb="0" cb="0"/><line nr="51" mi="0" ci="2" mb="0" cb="0"/><line nr="53" mi="0" ci="4" mb="0" cb="0"/><line nr="54" mi="0" ci="2" mb="0" cb="0"/><line nr="56" mi="0" ci="4" mb="0" cb="0"/><line nr="57" mi="0" ci="2" mb="0" cb="0"/><line nr="59" mi="0" ci="4" mb="0" cb="0"/><line nr="60" mi="0" ci="2" mb="0" cb="0"/><line nr="62" mi="0" ci="4" mb="0" cb="0"/><line nr="63" mi="0" ci="2" mb="0" cb="0"/><line nr="65" mi="0" ci="4" mb="0" cb="0"/><line nr="66" mi="0" ci="2" mb="0" cb="0"/><line nr="68" mi="0" ci="4" mb="0" cb="0"/><line nr="69" mi="0" ci="2" mb="0" cb="0"/><line nr="71" mi="0" ci="4" mb="0" cb="0"/><line nr="72" mi="0" ci="2" mb="0" cb="0"/><line nr="74" mi="0" ci="4" mb="0" cb="0"/><line nr="75" mi="0" ci="2" mb="0" cb="0"/><line nr="77" mi="0" ci="4" mb="0" cb="0"/><line nr="78" mi="0" ci="2" mb="0" cb="0"/><line nr="80" mi="0" ci="4" mb="0" cb="0"/><line nr="81" mi="0" ci="2" mb="0" cb="0"/><line nr="83" mi="0" ci="4" mb="0" cb="0"/><line nr="84" mi="0" ci="2" mb="0" cb="0"/><line nr="86" mi="0" ci="4" mb="0" cb="0"/><line nr="87" mi="0" ci="2" mb="0" cb="0"/><line nr="89" mi="0" ci="4" mb="0" cb="0"/><line nr="90" mi="0" ci="2" mb="0" cb="0"/><line nr="92" mi="0" ci="4" mb="0" cb="0"/><line nr="93" mi="0" ci="2" mb="0" cb="0"/><line nr="95" mi="0" ci="4" mb="0" cb="0"/><line nr="96" mi="0" ci="2" mb="0" cb="0"/><line nr="98" mi="0" ci="4" mb="0" cb="0"/><line nr="99" mi="0" ci="2" mb="0" cb="0"/><line nr="101" mi="0" ci="4" mb="0" cb="0"/><line nr="102" mi="0" ci="2" mb="0" cb="0"/><line nr="104" mi="0" ci="4" mb="0" cb="0"/><line nr="105" mi="0" ci="2" mb="0" cb="0"/><line nr="106" mi="1" ci="7" mb="1" cb="1"/><line nr="107" mi="1" ci="7" mb="1" cb="1"/><line nr="109" mi="0" ci="5" mb="0" cb="0"/><line nr="110" mi="0" ci="5" mb="0" cb="0"/><line nr="111" mi="0" ci="6" mb="0" cb="0"/><line nr="112" mi="0" ci="6" mb="0" cb="0"/><line nr="114" mi="0" ci="4" mb="0" cb="0"/><line nr="115" mi="0" ci="2" mb="0" cb="0"/><line nr="116" mi="0" ci="3" mb="0" cb="0"/><line nr="117" mi="0" ci="3" mb="0" cb="0"/><line nr="119" mi="0" ci="4" mb="0" cb="0"/><line nr="120" mi="0" ci="2" mb="0" cb="0"/><line nr="121" mi="1" ci="7" mb="1" cb="1"/><line nr="122" mi="1" ci="7" mb="1" cb="1"/><line nr="124" mi="0" ci="4" mb="0" cb="0"/><line nr="125" mi="0" ci="2" mb="0" cb="0"/><line nr="126" mi="1" ci="7" mb="1" cb="1"/><line nr="127" mi="1" ci="7" mb="1" cb="1"/><line nr="129" mi="0" ci="4" mb="0" cb="0"/><line nr="130" mi="0" ci="2" mb="0" cb="0"/><line nr="131" mi="1" ci="7" mb="1" cb="1"/><line nr="132" mi="1" ci="7" mb="1" cb="1"/><line nr="134" mi="0" ci="4" mb="0" cb="0"/><line nr="135" mi="0" ci="2" mb="0" cb="0"/><line nr="136" mi="1" ci="7" mb="1" cb="1"/><line nr="137" mi="1" ci="7" mb="1" cb="1"/><line nr="139" mi="0" ci="4" mb="0" cb="0"/><line nr="140" mi="0" ci="2" mb="0" cb="0"/><line nr="141" mi="1" ci="7" mb="1" cb="1"/><line nr="142" mi="1" ci="7" mb="1" cb="1"/><line nr="144" mi="0" ci="4" mb="0" cb="0"/><line nr="145" mi="0" ci="2" mb="0" cb="0"/><line nr="146" mi="1" ci="7" mb="1" cb="1"/><line nr="147" mi="1" ci="7" mb="1" cb="1"/><line nr="149" mi="0" ci="4" mb="0" cb="0"/><line nr="150" mi="0" ci="2" mb="0" cb="0"/><line nr="151" mi="1" ci="7" mb="1" cb="1"/><line nr="152" mi="1" ci="7" mb="1" cb="1"/><line nr="154" mi="0" ci="4" mb="0" cb="0"/><line nr="155" mi="0" ci="2" mb="0" cb="0"/><line nr="156" mi="1" ci="7" mb="1" cb="1"/><line nr="157" mi="1" ci="7" mb="1" cb="1"/><line nr="159" mi="0" ci="4" mb="0" cb="0"/><line nr="160" mi="0" ci="2" mb="0" cb="0"/><line nr="161" mi="1" ci="7" mb="1" cb="1"/><line nr="162" mi="1" ci="7" mb="1" cb="1"/><line nr="164" mi="0" ci="4" mb="0" cb="0"/><line nr="165" mi="0" ci="2" mb="0" cb="0"/><line nr="166" mi="1" ci="7" mb="1" cb="1"/><line nr="167" mi="1" ci="7" mb="1" cb="1"/><line nr="169" mi="0" ci="4" mb="0" cb="0"/><line nr="170" mi="0" ci="2" mb="0" cb="0"/><line nr="171" mi="1" ci="7" mb="1" cb="1"/><line nr="172" mi="1" ci="7" mb="1" cb="1"/><line nr="174" mi="0" ci="4" mb="0" cb="0"/><line nr="175" mi="0" ci="2" mb="0" cb="0"/><line nr="176" mi="1" ci="7" mb="1" cb="1"/><line nr="177" mi="1" ci="7" mb="1" cb="1"/><line nr="179" mi="0" ci="4" mb="0" cb="0"/><line nr="180" mi="0" ci="2" mb="0" cb="0"/><line nr="181" mi="1" ci="7" mb="1" cb="1"/><line nr="182" mi="1" ci="7" mb="1" cb="1"/><line nr="184" mi="0" ci="4" mb="0" cb="0"/><line nr="185" mi="0" ci="2" mb="0" cb="0"/><line nr="186" mi="1" ci="7" mb="1" cb="1"/><line nr="187" mi="1" ci="7" mb="1" cb="1"/><line nr="189" mi="0" ci="4" mb="0" cb="0"/><line nr="190" mi="0" ci="2" mb="0" cb="0"/><line nr="191" mi="1" ci="7" mb="1" cb="1"/><line nr="192" mi="1" ci="7" mb="1" cb="1"/><line nr="194" mi="0" ci="4" mb="0" cb="0"/><line nr="195" mi="0" ci="2" mb="0" cb="0"/><line nr="196" mi="1" ci="7" mb="1" cb="1"/><line nr="197" mi="1" ci="7" mb="1" cb="1"/><line nr="199" mi="0" ci="4" mb="0" cb="0"/><line nr="200" mi="0" ci="2" mb="0" cb="0"/><line nr="201" mi="1" ci="7" mb="1" cb="1"/><line nr="202" mi="1" ci="7" mb="1" cb="1"/><line nr="204" mi="0" ci="5" mb="0" cb="0"/><line nr="205" mi="0" ci="2" mb="0" cb="0"/><line nr="206" mi="0" ci="1" mb="0" cb="0"/><line nr="211" mi="0" ci="2" mb="0" cb="0"/><line nr="213" mi="0" ci="4" mb="0" cb="0"/><line nr="214" mi="0" ci="2" mb="0" cb="0"/><line nr="216" mi="0" ci="4" mb="0" cb="0"/><line nr="217" mi="0" ci="2" mb="0" cb="0"/><line nr="219" mi="0" ci="3" mb="0" cb="0"/><line nr="220" mi="1" ci="6" mb="1" cb="1"/><line nr="222" mi="0" ci="3" mb="0" cb="0"/><line nr="223" mi="1" ci="6" mb="1" cb="1"/><line nr="225" mi="0" ci="4" mb="0" cb="0"/><line nr="226" mi="0" ci="2" mb="0" cb="0"/><line nr="228" mi="0" ci="4" mb="0" cb="0"/><line nr="229" mi="0" ci="2" mb="0" cb="0"/><line nr="230" mi="0" ci="3" mb="0" cb="0"/><line nr="231" mi="1" ci="7" mb="1" cb="1"/><line nr="232" mi="0" ci="3" mb="0" cb="0"/><line nr="233" mi="1" ci="9" mb="1" cb="1"/><line nr="235" mi="0" ci="4" mb="0" cb="0"/><line nr="236" mi="0" ci="2" mb="0" cb="0"/><line nr="237" mi="0" ci="3" mb="0" cb="0"/><line nr="238" mi="1" ci="7" mb="1" cb="1"/><line nr="239" mi="0" ci="3" mb="0" cb="0"/><line nr="240" mi="1" ci="8" mb="1" cb="1"/><line nr="242" mi="0" ci="4" mb="0" cb="0"/><line nr="243" mi="0" ci="2" mb="0" cb="0"/><line nr="244" mi="0" ci="3" mb="0" cb="0"/><line nr="245" mi="1" ci="7" mb="1" cb="1"/><line nr="246" mi="0" ci="3" mb="0" cb="0"/><line nr="247" mi="1" ci="7" mb="1" cb="1"/><line nr="249" mi="0" ci="4" mb="0" cb="0"/><line nr="250" mi="0" ci="2" mb="0" cb="0"/><line nr="251" mi="0" ci="3" mb="0" cb="0"/><line nr="252" mi="1" ci="7" mb="1" cb="1"/><line nr="253" mi="0" ci="3" mb="0" cb="0"/><line nr="254" mi="1" ci="9" mb="1" cb="1"/><line nr="256" mi="0" ci="4" mb="0" cb="0"/><line nr="257" mi="0" ci="2" mb="0" cb="0"/><line nr="258" mi="0" ci="3" mb="0" cb="0"/><line nr="259" mi="1" ci="7" mb="1" cb="1"/><line nr="260" mi="0" ci="3" mb="0" cb="0"/><line nr="261" mi="1" ci="8" mb="1" cb="1"/><line nr="263" mi="0" ci="4" mb="0" cb="0"/><line nr="264" mi="0" ci="2" mb="0" cb="0"/><line nr="265" mi="0" ci="3" mb="0" cb="0"/><line nr="266" mi="1" ci="7" mb="1" cb="1"/><line nr="267" mi="0" ci="3" mb="0" cb="0"/><line nr="268" mi="1" ci="7" mb="1" cb="1"/><line nr="269" mi="0" ci="1" mb="0" cb="0"/><counter type="INSTRUCTION" missed="51" covered="756"/><counter type="BRANCH" missed="51" covered="51"/><counter type="LINE" missed="0" covered="180"/><counter type="COMPLEXITY" missed="51" covered="3"/><counter type="METHOD" missed="0" covered="3"/><counter type="CLASS" missed="0" covered="1"/></sourcefile><sourcefile name="DeepReferenceTest.java"><line nr="27" mi="0" ci="3" mb="0" cb="0"/><line nr="32" mi="0" ci="3" mb="0" cb="0"/><line nr="33" mi="0" ci="3" mb="0" cb="0"/><line nr="35" mi="0" ci="5" mb="0" cb="0"/><line nr="36" mi="0" ci="3" mb="0" cb="0"/><line nr="38" mi="1" ci="8" mb="1" cb="1"/><line nr="40" mi="0" ci="5" mb="0" cb="0"/><line nr="41" mi="0" ci="2" mb="0" cb="0"/><line nr="43" mi="0" ci="3" mb="0" cb="0"/><line nr="44" mi="0" ci="2" mb="0" cb="0"/><line nr="45" mi="0" ci="2" mb="0" cb="0"/><line nr="47" mi="0" ci="4" mb="0" cb="0"/><line nr="48" mi="0" ci="2" mb="0" cb="0"/><line nr="50" mi="0" ci="4" mb="0" cb="0"/><line nr="51" mi="0" ci="2" mb="0" cb="0"/><line nr="53" mi="0" ci="4" mb="0" cb="0"/><line nr="54" mi="0" ci="2" mb="0" cb="0"/><line nr="56" mi="0" ci="4" mb="0" cb="0"/><line nr="57" mi="0" ci="2" mb="0" cb="0"/><line nr="59" mi="0" ci="4" mb="0" cb="0"/><line nr="60" mi="0" ci="2" mb="0" cb="0"/><line nr="62" mi="0" ci="4" mb="0" cb="0"/><line nr="63" mi="0" ci="2" mb="0" cb="0"/><line nr="65" mi="0" ci="4" mb="0" cb="0"/><line nr="66" mi="0" ci="2" mb="0" cb="0"/><line nr="68" mi="0" ci="4" mb="0" cb="0"/><line nr="69" mi="0" ci="2" mb="0" cb="0"/><line nr="71" mi="0" ci="4" mb="0" cb="0"/><line nr="72" mi="0" ci="2" mb="0" cb="0"/><line nr="74" mi="0" ci="4" mb="0" cb="0"/><line nr="75" mi="0" ci="2" mb="0" cb="0"/><line nr="77" mi="0" ci="4" mb="0" cb="0"/><line nr="78" mi="0" ci="2" mb="0" cb="0"/><line nr="80" mi="0" ci="4" mb="0" cb="0"/><line nr="81" mi="0" ci="2" mb="0" cb="0"/><line nr="83" mi="0" ci="4" mb="0" cb="0"/><line nr="84" mi="0" ci="2" mb="0" cb="0"/><line nr="86" mi="0" ci="4" mb="0" cb="0"/><line nr="87" mi="0" ci="2" mb="0" cb="0"/><line nr="89" mi="0" ci="4" mb="0" cb="0"/><line nr="90" mi="0" ci="2" mb="0" cb="0"/><line nr="92" mi="0" ci="4" mb="0" cb="0"/><line nr="93" mi="0" ci="2" mb="0" cb="0"/><line nr="95" mi="0" ci="4" mb="0" cb="0"/><line nr="96" mi="0" ci="2" mb="0" cb="0"/><line nr="98" mi="0" ci="4" mb="0" cb="0"/><line nr="99" mi="0" ci="2" mb="0" cb="0"/><line nr="101" mi="1" ci="8" mb="1" cb="1"/><line nr="102" mi="1" ci="8" mb="1" cb="1"/><line nr="103" mi="1" ci="8" mb="1" cb="1"/><line nr="105" mi="1" ci="8" mb="1" cb="1"/><line nr="106" mi="1" ci="8" mb="1" cb="1"/><line nr="107" mi="1" ci="8" mb="1" cb="1"/><line nr="109" mi="1" ci="8" mb="1" cb="1"/><line nr="110" mi="1" ci="8" mb="1" cb="1"/><line nr="111" mi="1" ci="8" mb="1" cb="1"/><line nr="113" mi="1" ci="8" mb="1" cb="1"/><line nr="114" mi="1" ci="8" mb="1" cb="1"/><line nr="115" mi="1" ci="8" mb="1" cb="1"/><line nr="117" mi="1" ci="8" mb="1" cb="1"/><line nr="118" mi="1" ci="8" mb="1" cb="1"/><line nr="119" mi="1" ci="8" mb="1" cb="1"/><line nr="121" mi="1" ci="8" mb="1" cb="1"/><line nr="122" mi="1" ci="8" mb="1" cb="1"/><line nr="123" mi="1" ci="8" mb="1" cb="1"/><line nr="125" mi="1" ci="8" mb="1" cb="1"/><line nr="126" mi="1" ci="8" mb="1" cb="1"/><line nr="127" mi="1" ci="8" mb="1" cb="1"/><line nr="129" mi="1" ci="8" mb="1" cb="1"/><line nr="130" mi="1" ci="8" mb="1" cb="1"/><line nr="131" mi="1" ci="8" mb="1" cb="1"/><line nr="133" mi="1" ci="8" mb="1" cb="1"/><line nr="134" mi="1" ci="8" mb="1" cb="1"/><line nr="135" mi="1" ci="8" mb="1" cb="1"/><line nr="137" mi="1" ci="8" mb="1" cb="1"/><line nr="138" mi="1" ci="8" mb="1" cb="1"/><line nr="139" mi="1" ci="8" mb="1" cb="1"/><line nr="141" mi="1" ci="8" mb="1" cb="1"/><line nr="142" mi="1" ci="8" mb="1" cb="1"/><line nr="143" mi="1" ci="8" mb="1" cb="1"/><line nr="145" mi="1" ci="8" mb="1" cb="1"/><line nr="146" mi="1" ci="8" mb="1" cb="1"/><line nr="147" mi="1" ci="8" mb="1" cb="1"/><line nr="149" mi="1" ci="8" mb="1" cb="1"/><line nr="150" mi="1" ci="8" mb="1" cb="1"/><line nr="151" mi="1" ci="8" mb="1" cb="1"/><line nr="153" mi="1" ci="8" mb="1" cb="1"/><line nr="154" mi="1" ci="8" mb="1" cb="1"/><line nr="155" mi="1" ci="8" mb="1" cb="1"/><line nr="157" mi="1" ci="8" mb="1" cb="1"/><line nr="158" mi="1" ci="8" mb="1" cb="1"/><line nr="159" mi="1" ci="8" mb="1" cb="1"/><line nr="161" mi="1" ci="8" mb="1" cb="1"/><line nr="162" mi="1" ci="8" mb="1" cb="1"/><line nr="163" mi="1" ci="8" mb="1" cb="1"/><line nr="165" mi="1" ci="8" mb="1" cb="1"/><line nr="166" mi="1" ci="8" mb="1" cb="1"/><line nr="167" mi="1" ci="8" mb="1" cb="1"/><line nr="169" mi="1" ci="8" mb="1" cb="1"/><line nr="170" mi="1" ci="8" mb="1" cb="1"/><line nr="171" mi="1" ci="8" mb="1" cb="1"/><line nr="172" mi="0" ci="1" mb="0" cb="0"/><line nr="176" mi="0" ci="6" mb="0" cb="0"/><counter type="INSTRUCTION" missed="55" covered="586"/><counter type="BRANCH" missed="55" covered="55"/><counter type="LINE" missed="0" covered="103"/><counter type="COMPLEXITY" missed="55" covered="3"/><counter type="METHOD" missed="0" covered="3"/><counter type="CLASS" missed="0" covered="1"/></sourcefile><sourcefile name="ProtoUtilTest.java"><line nr="10" mi="0" ci="3" mb="0" cb="0"/><line nr="16" mi="0" ci="5" mb="0" cb="0"/><line nr="17" mi="0" ci="5" mb="0" cb="0"/><line nr="18" mi="0" ci="5" mb="0" cb="0"/><line nr="19" mi="0" ci="5" mb="0" cb="0"/><line nr="20" mi="0" ci="5" mb="0" cb="0"/><line nr="21" mi="0" ci="1" mb="0" cb="0"/><line nr="26" mi="0" ci="5" mb="0" cb="0"/><line nr="27" mi="0" ci="5" mb="0" cb="0"/><line nr="28" mi="0" ci="5" mb="0" cb="0"/><line nr="29" mi="0" ci="5" mb="0" cb="0"/><line nr="30" mi="0" ci="5" mb="0" cb="0"/><line nr="31" mi="0" ci="1" mb="0" cb="0"/><line nr="36" mi="0" ci="5" mb="0" cb="0"/><line nr="37" mi="0" ci="5" mb="0" cb="0"/><line nr="38" mi="0" ci="5" mb="0" cb="0"/><line nr="39" mi="0" ci="5" mb="0" cb="0"/><line nr="40" mi="0" ci="5" mb="0" cb="0"/><line nr="41" mi="0" ci="1" mb="0" cb="0"/><counter type="INSTRUCTION" missed="0" covered="81"/><counter type="LINE" missed="0" covered="19"/><counter type="COMPLEXITY" missed="0" covered="4"/><counter type="METHOD" missed="0" covered="4"/><counter type="CLASS" missed="0" covered="1"/></sourcefile><sourcefile name="AnnotationTest.java"><line nr="32" mi="0" ci="3" mb="0" cb="0"/><line nr="38" mi="0" ci="3" mb="0" cb="0"/><line nr="39" mi="0" ci="3" mb="0" cb="0"/><line nr="41" mi="0" ci="5" mb="0" cb="0"/><line nr="42" mi="0" ci="3" mb="0" cb="0"/><line nr="44" mi="0" ci="4" mb="0" cb="0"/><line nr="45" mi="0" ci="2" mb="0" cb="0"/><line nr="46" mi="0" ci="5" mb="0" cb="0"/><line nr="48" mi="0" ci="4" mb="0" cb="0"/><line nr="49" mi="0" ci="2" mb="0" cb="0"/><line nr="50" mi="0" ci="5" mb="0" cb="0"/><line nr="52" mi="0" ci="4" mb="0" cb="0"/><line nr="53" mi="0" ci="2" mb="0" cb="0"/><line nr="54" mi="0" ci="5" mb="0" cb="0"/><line nr="56" mi="0" ci="4" mb="0" cb="0"/><line nr="57" mi="0" ci="2" mb="0" cb="0"/><line nr="58" mi="0" ci="4" mb="0" cb="0"/><line nr="60" mi="0" ci="4" mb="0" cb="0"/><line nr="61" mi="0" ci="2" mb="0" cb="0"/><line nr="62" mi="0" ci="5" mb="0" cb="0"/><line nr="64" mi="0" ci="4" mb="0" cb="0"/><line nr="65" mi="0" ci="5" mb="0" cb="0"/><line nr="67" mi="0" ci="4" mb="0" cb="0"/><line nr="68" mi="0" ci="2" mb="0" cb="0"/><line nr="69" mi="0" ci="5" mb="0" cb="0"/><line nr="71" mi="0" ci="4" mb="0" cb="0"/><line nr="72" mi="0" ci="2" mb="0" cb="0"/><line nr="73" mi="0" ci="5" mb="0" cb="0"/><line nr="74" mi="1" ci="8" mb="1" cb="1"/><line nr="76" mi="0" ci="4" mb="0" cb="0"/><line nr="77" mi="0" ci="2" mb="0" cb="0"/><line nr="78" mi="0" ci="5" mb="0" cb="0"/><line nr="80" mi="0" ci="4" mb="0" cb="0"/><line nr="81" mi="0" ci="2" mb="0" cb="0"/><line nr="82" mi="0" ci="5" mb="0" cb="0"/><line nr="83" mi="1" ci="8" mb="1" cb="1"/><line nr="85" mi="0" ci="4" mb="0" cb="0"/><line nr="86" mi="0" ci="2" mb="0" cb="0"/><line nr="87" mi="0" ci="5" mb="0" cb="0"/><line nr="89" mi="0" ci="4" mb="0" cb="0"/><line nr="90" mi="0" ci="2" mb="0" cb="0"/><line nr="91" mi="0" ci="4" mb="0" cb="0"/><line nr="93" mi="0" ci="4" mb="0" cb="0"/><line nr="94" mi="0" ci="2" mb="0" cb="0"/><line nr="95" mi="0" ci="5" mb="0" cb="0"/><line nr="97" mi="0" ci="4" mb="0" cb="0"/><line nr="98" mi="0" ci="2" mb="0" cb="0"/><line nr="99" mi="0" ci="4" mb="0" cb="0"/><line nr="101" mi="0" ci="4" mb="0" cb="0"/><line nr="102" mi="0" ci="2" mb="0" cb="0"/><line nr="103" mi="0" ci="5" mb="0" cb="0"/><line nr="105" mi="0" ci="4" mb="0" cb="0"/><line nr="106" mi="0" ci="2" mb="0" cb="0"/><line nr="107" mi="1" ci="8" mb="1" cb="1"/><line nr="108" mi="0" ci="6" mb="0" cb="0"/><line nr="109" mi="0" ci="6" mb="0" cb="0"/><line nr="111" mi="0" ci="4" mb="0" cb="0"/><line nr="112" mi="0" ci="2" mb="0" cb="0"/><line nr="113" mi="0" ci="5" mb="0" cb="0"/><line nr="115" mi="0" ci="4" mb="0" cb="0"/><line nr="116" mi="0" ci="2" mb="0" cb="0"/><line nr="117" mi="1" ci="8" mb="1" cb="1"/><line nr="118" mi="1" ci="8" mb="1" cb="1"/><line nr="120" mi="0" ci="3" mb="0" cb="0"/><line nr="121" mi="1" ci="7" mb="1" cb="1"/><line nr="122" mi="0" ci="5" mb="0" cb="0"/><line nr="123" mi="0" ci="2" mb="0" cb="0"/><line nr="124" mi="0" ci="5" mb="0" cb="0"/><line nr="126" mi="0" ci="4" mb="0" cb="0"/><line nr="127" mi="0" ci="2" mb="0" cb="0"/><line nr="128" mi="0" ci="4" mb="0" cb="0"/><line nr="130" mi="0" ci="4" mb="0" cb="0"/><line nr="131" mi="0" ci="2" mb="0" cb="0"/><line nr="132" mi="0" ci="5" mb="0" cb="0"/><line nr="134" mi="0" ci="4" mb="0" cb="0"/><line nr="135" mi="0" ci="2" mb="0" cb="0"/><line nr="136" mi="0" ci="5" mb="0" cb="0"/><line nr="138" mi="0" ci="4" mb="0" cb="0"/><line nr="139" mi="0" ci="2" mb="0" cb="0"/><line nr="140" mi="0" ci="4" mb="0" cb="0"/><line nr="142" mi="0" ci="4" mb="0" cb="0"/><line nr="143" mi="0" ci="2" mb="0" cb="0"/><line nr="144" mi="0" ci="5" mb="0" cb="0"/><line nr="146" mi="1" ci="8" mb="1" cb="1"/><line nr="148" mi="0" ci="4" mb="0" cb="0"/><line nr="149" mi="0" ci="4" mb="0" cb="0"/><line nr="151" mi="1" ci="9" mb="2" cb="2"/><line nr="152" mi="1" ci="9" mb="2" cb="2"/><line nr="154" mi="0" ci="4" mb="0" cb="0"/><line nr="155" mi="0" ci="2" mb="0" cb="0"/><line nr="156" mi="0" ci="5" mb="0" cb="0"/><line nr="158" mi="0" ci="4" mb="0" cb="0"/><line nr="159" mi="0" ci="2" mb="0" cb="0"/><line nr="160" mi="1" ci="8" mb="1" cb="1"/><line nr="161" mi="0" ci="5" mb="0" cb="0"/><line nr="163" mi="0" ci="4" mb="0" cb="0"/><line nr="164" mi="0" ci="2" mb="0" cb="0"/><line nr="165" mi="0" ci="5" mb="0" cb="0"/><line nr="167" mi="0" ci="4" mb="0" cb="0"/><line nr="168" mi="0" ci="2" mb="0" cb="0"/><line nr="169" mi="1" ci="8" mb="1" cb="1"/><line nr="170" mi="1" ci="8" mb="1" cb="1"/><line nr="171" mi="0" ci="1" mb="0" cb="0"/><counter type="INSTRUCTION" missed="12" covered="425"/><counter type="BRANCH" missed="14" covered="14"/><counter type="LINE" missed="0" covered="103"/><counter type="COMPLEXITY" missed="14" covered="2"/><counter type="METHOD" missed="0" covered="2"/><counter type="CLASS" missed="0" covered="1"/></sourcefile><sourcefile name="ConfiguredReferenceTest.java"><line nr="41" mi="0" ci="3" mb="0" cb="0"/><line nr="46" mi="0" ci="3" mb="0" cb="0"/><line nr="47" mi="0" ci="3" mb="0" cb="0"/><line nr="49" mi="0" ci="5" mb="0" cb="0"/><line nr="50" mi="0" ci="3" mb="0" cb="0"/><line nr="52" mi="0" ci="4" mb="0" cb="0"/><line nr="53" mi="0" ci="2" mb="0" cb="0"/><line nr="55" mi="0" ci="4" mb="0" cb="0"/><line nr="56" mi="0" ci="2" mb="0" cb="0"/><line nr="58" mi="0" ci="4" mb="0" cb="0"/><line nr="59" mi="0" ci="2" mb="0" cb="0"/><line nr="61" mi="0" ci="4" mb="0" cb="0"/><line nr="62" mi="0" ci="2" mb="0" cb="0"/><line nr="64" mi="0" ci="7" mb="0" cb="0"/><line nr="65" mi="0" ci="2" mb="0" cb="0"/><line nr="67" mi="0" ci="4" mb="0" cb="0"/><line nr="68" mi="0" ci="2" mb="0" cb="0"/><line nr="70" mi="0" ci="7" mb="0" cb="0"/><line nr="71" mi="0" ci="2" mb="0" cb="0"/><line nr="73" mi="0" ci="4" mb="0" cb="0"/><line nr="74" mi="0" ci="2" mb="0" cb="0"/><line nr="76" mi="0" ci="7" mb="0" cb="0"/><line nr="77" mi="0" ci="2" mb="0" cb="0"/><line nr="79" mi="0" ci="7" mb="0" cb="0"/><line nr="80" mi="0" ci="2" mb="0" cb="0"/><line nr="82" mi="0" ci="2" mb="0" cb="0"/><line nr="83" mi="0" ci="2" mb="0" cb="0"/><line nr="85" mi="0" ci="4" mb="0" cb="0"/><line nr="86" mi="0" ci="2" mb="0" cb="0"/><line nr="88" mi="0" ci="4" mb="0" cb="0"/><line nr="89" mi="0" ci="1" mb="0" cb="0"/><line nr="95" mi="0" ci="4" mb="0" cb="0"/><line nr="96" mi="0" ci="2" mb="0" cb="0"/><line nr="97" mi="0" ci="5" mb="0" cb="0"/><line nr="99" mi="0" ci="4" mb="0" cb="0"/><line nr="100" mi="0" ci="2" mb="0" cb="0"/><line nr="101" mi="1" ci="8" mb="1" cb="1"/><line nr="102" mi="1" ci="8" mb="1" cb="1"/><line nr="103" mi="1" ci="8" mb="1" cb="1"/><line nr="104" mi="1" ci="8" mb="1" cb="1"/><line nr="105" mi="1" ci="8" mb="1" cb="1"/><line nr="107" mi="0" ci="4" mb="0" cb="0"/><line nr="108" mi="0" ci="2" mb="0" cb="0"/><line nr="109" mi="1" ci="8" mb="1" cb="1"/><line nr="110" mi="1" ci="8" mb="1" cb="1"/><line nr="112" mi="0" ci="4" mb="0" cb="0"/><line nr="113" mi="0" ci="2" mb="0" cb="0"/><line nr="114" mi="1" ci="8" mb="1" cb="1"/><line nr="115" mi="1" ci="8" mb="1" cb="1"/><line nr="117" mi="0" ci="2" mb="1" cb="1"/><line nr="119" mi="11" ci="0" mb="2" cb="0"/><line nr="120" mi="11" ci="0" mb="2" cb="0"/><line nr="122" mi="0" ci="1" mb="0" cb="0"/><line nr="128" mi="0" ci="6" mb="0" cb="0"/><line nr="129" mi="1" ci="9" mb="1" cb="1"/><line nr="130" mi="1" ci="9" mb="1" cb="1"/><line nr="131" mi="1" ci="9" mb="1" cb="1"/><line nr="132" mi="1" ci="9" mb="1" cb="1"/><line nr="133" mi="1" ci="9" mb="1" cb="1"/><line nr="134" mi="1" ci="9" mb="1" cb="1"/><line nr="135" mi="1" ci="9" mb="1" cb="1"/><line nr="136" mi="1" ci="9" mb="1" cb="1"/><line nr="137" mi="1" ci="9" mb="1" cb="1"/><line nr="139" mi="0" ci="5" mb="0" cb="0"/><line nr="140" mi="0" ci="2" mb="0" cb="0"/><line nr="142" mi="1" ci="9" mb="1" cb="1"/><line nr="143" mi="1" ci="9" mb="1" cb="1"/><line nr="144" mi="1" ci="9" mb="1" cb="1"/><line nr="145" mi="1" ci="9" mb="1" cb="1"/><line nr="146" mi="1" ci="9" mb="1" cb="1"/><line nr="147" mi="1" ci="9" mb="1" cb="1"/><line nr="148" mi="1" ci="9" mb="1" cb="1"/><line nr="149" mi="1" ci="9" mb="1" cb="1"/><line nr="150" mi="1" ci="9" mb="1" cb="1"/><line nr="152" mi="0" ci="4" mb="0" cb="0"/><line nr="153" mi="0" ci="2" mb="0" cb="0"/><line nr="155" mi="1" ci="9" mb="1" cb="1"/><line nr="156" mi="1" ci="9" mb="1" cb="1"/><line nr="157" mi="1" ci="9" mb="1" cb="1"/><line nr="158" mi="1" ci="9" mb="1" cb="1"/><line nr="159" mi="1" ci="9" mb="1" cb="1"/><line nr="160" mi="1" ci="9" mb="1" cb="1"/><line nr="161" mi="1" ci="9" mb="1" cb="1"/><line nr="162" mi="1" ci="9" mb="1" cb="1"/><line nr="163" mi="1" ci="9" mb="1" cb="1"/><line nr="165" mi="0" ci="2" mb="1" cb="1"/><line nr="167" mi="12" ci="0" mb="2" cb="0"/><line nr="168" mi="12" ci="0" mb="2" cb="0"/><line nr="170" mi="0" ci="1" mb="0" cb="0"/><line nr="174" mi="0" ci="3" mb="0" cb="0"/><line nr="176" mi="0" ci="4" mb="0" cb="0"/><line nr="177" mi="0" ci="2" mb="0" cb="0"/><line nr="179" mi="1" ci="9" mb="1" cb="1"/><line nr="181" mi="1" ci="10" mb="1" cb="1"/><line nr="182" mi="0" ci="1" mb="0" cb="0"/><line nr="186" mi="0" ci="3" mb="0" cb="0"/><line nr="188" mi="0" ci="4" mb="0" cb="0"/><line nr="189" mi="0" ci="2" mb="0" cb="0"/><line nr="191" mi="1" ci="9" mb="1" cb="1"/><line nr="193" mi="1" ci="10" mb="1" cb="1"/><line nr="194" mi="0" ci="1" mb="0" cb="0"/><line nr="198" mi="0" ci="4" mb="0" cb="0"/><line nr="199" mi="0" ci="2" mb="0" cb="0"/><line nr="201" mi="0" ci="5" mb="0" cb="0"/><line nr="202" mi="1" ci="8" mb="1" cb="1"/><line nr="204" mi="0" ci="6" mb="0" cb="0"/><line nr="205" mi="1" ci="9" mb="1" cb="1"/><line nr="207" mi="0" ci="4" mb="0" cb="0"/><line nr="208" mi="0" ci="2" mb="0" cb="0"/><line nr="210" mi="0" ci="4" mb="0" cb="0"/><line nr="211" mi="0" ci="2" mb="0" cb="0"/><line nr="213" mi="0" ci="5" mb="0" cb="0"/><line nr="214" mi="1" ci="8" mb="1" cb="1"/><line nr="216" mi="0" ci="6" mb="0" cb="0"/><line nr="217" mi="1" ci="9" mb="1" cb="1"/><line nr="218" mi="0" ci="1" mb="0" cb="0"/><counter type="INSTRUCTION" missed="90" covered="606"/><counter type="BRANCH" missed="54" covered="46"/><counter type="LINE" missed="4" covered="112"/><counter type="COMPLEXITY" missed="50" covered="7"/><counter type="METHOD" missed="0" covered="7"/><counter type="CLASS" missed="0" covered="1"/></sourcefile><sourcefile name="ReservedWordsAsVariablesTest.java"><line nr="28" mi="0" ci="3" mb="0" cb="0"/><line nr="33" mi="0" ci="2" mb="0" cb="0"/><line nr="34" mi="0" ci="1" mb="0" cb="0"/><line nr="35" mi="0" ci="3" mb="0" cb="0"/><line nr="37" mi="0" ci="5" mb="0" cb="0"/><line nr="38" mi="0" ci="3" mb="0" cb="0"/><line nr="40" mi="0" ci="4" mb="0" cb="0"/><line nr="41" mi="0" ci="2" mb="0" cb="0"/><line nr="43" mi="1" ci="8" mb="1" cb="1"/><line nr="45" mi="1" ci="9" mb="1" cb="1"/><line nr="46" mi="1" ci="9" mb="1" cb="1"/><line nr="47" mi="1" ci="9" mb="1" cb="1"/><line nr="48" mi="1" ci="9" mb="1" cb="1"/><line nr="49" mi="1" ci="9" mb="1" cb="1"/><line nr="50" mi="1" ci="9" mb="1" cb="1"/><line nr="51" mi="1" ci="9" mb="1" cb="1"/><line nr="52" mi="1" ci="9" mb="1" cb="1"/><line nr="53" mi="1" ci="9" mb="1" cb="1"/><line nr="54" mi="1" ci="9" mb="1" cb="1"/><line nr="55" mi="1" ci="9" mb="1" cb="1"/><line nr="56" mi="1" ci="9" mb="1" cb="1"/><line nr="57" mi="1" ci="9" mb="1" cb="1"/><line nr="58" mi="1" ci="9" mb="1" cb="1"/><line nr="59" mi="1" ci="9" mb="1" cb="1"/><line nr="60" mi="1" ci="9" mb="1" cb="1"/><line nr="61" mi="1" ci="9" mb="1" cb="1"/><line nr="62" mi="1" ci="9" mb="1" cb="1"/><line nr="63" mi="1" ci="9" mb="1" cb="1"/><line nr="64" mi="1" ci="9" mb="1" cb="1"/><line nr="65" mi="1" ci="9" mb="1" cb="1"/><line nr="66" mi="1" ci="9" mb="1" cb="1"/><line nr="67" mi="1" ci="9" mb="1" cb="1"/><line nr="68" mi="1" ci="9" mb="1" cb="1"/><line nr="69" mi="1" ci="9" mb="1" cb="1"/><line nr="70" mi="1" ci="9" mb="1" cb="1"/><line nr="71" mi="1" ci="9" mb="1" cb="1"/><line nr="72" mi="1" ci="9" mb="1" cb="1"/><line nr="73" mi="1" ci="9" mb="1" cb="1"/><line nr="74" mi="1" ci="9" mb="1" cb="1"/><line nr="75" mi="1" ci="9" mb="1" cb="1"/><line nr="76" mi="1" ci="9" mb="1" cb="1"/><line nr="77" mi="1" ci="9" mb="1" cb="1"/><line nr="80" mi="0" ci="4" mb="0" cb="0"/><line nr="81" mi="0" ci="2" mb="0" cb="0"/><line nr="82" mi="0" ci="3" mb="0" cb="0"/><line nr="84" mi="0" ci="3" mb="0" cb="0"/><line nr="86" mi="0" ci="4" mb="0" cb="0"/><line nr="87" mi="0" ci="2" mb="0" cb="0"/><line nr="89" mi="0" ci="4" mb="0" cb="0"/><line nr="90" mi="0" ci="2" mb="0" cb="0"/><line nr="91" mi="0" ci="3" mb="0" cb="0"/><line nr="93" mi="0" ci="3" mb="0" cb="0"/><line nr="95" mi="0" ci="4" mb="0" cb="0"/><line nr="96" mi="0" ci="2" mb="0" cb="0"/><line nr="98" mi="0" ci="4" mb="0" cb="0"/><line nr="99" mi="0" ci="2" mb="0" cb="0"/><line nr="100" mi="0" ci="3" mb="0" cb="0"/><line nr="102" mi="0" ci="3" mb="0" cb="0"/><line nr="104" mi="0" ci="4" mb="0" cb="0"/><line nr="105" mi="0" ci="2" mb="0" cb="0"/><line nr="107" mi="0" ci="4" mb="0" cb="0"/><line nr="108" mi="0" ci="2" mb="0" cb="0"/><line nr="109" mi="0" ci="3" mb="0" cb="0"/><line nr="111" mi="0" ci="3" mb="0" cb="0"/><line nr="112" mi="0" ci="1" mb="0" cb="0"/><line nr="116" mi="0" ci="5" mb="0" cb="0"/><line nr="117" mi="0" ci="5" mb="0" cb="0"/><line nr="118" mi="0" ci="5" mb="0" cb="0"/><line nr="119" mi="0" ci="5" mb="0" cb="0"/><line nr="120" mi="0" ci="5" mb="0" cb="0"/><line nr="121" mi="0" ci="5" mb="0" cb="0"/><line nr="122" mi="0" ci="1" mb="0" cb="0"/><counter type="INSTRUCTION" missed="34" covered="426"/><counter type="BRANCH" missed="34" covered="34"/><counter type="LINE" missed="0" covered="72"/><counter type="COMPLEXITY" missed="34" covered="3"/><counter type="METHOD" missed="0" covered="3"/><counter type="CLASS" missed="0" covered="1"/></sourcefile><sourcefile name="ProtoParserTest.java"><line nr="30" mi="0" ci="3" mb="0" cb="0"/><line nr="35" mi="5" ci="0" mb="0" cb="0"/><line nr="40" mi="0" ci="9" mb="0" cb="0"/><line nr="45" mi="0" ci="3" mb="0" cb="0"/><line nr="46" mi="0" ci="3" mb="0" cb="0"/><line nr="48" mi="0" ci="5" mb="0" cb="0"/><line nr="49" mi="0" ci="3" mb="0" cb="0"/><line nr="50" mi="0" ci="4" mb="0" cb="0"/><line nr="51" mi="0" ci="4" mb="0" cb="0"/><line nr="52" mi="1" ci="7" mb="1" cb="1"/><line nr="53" mi="1" ci="8" mb="1" cb="1"/><line nr="55" mi="0" ci="4" mb="0" cb="0"/><line nr="56" mi="0" ci="4" mb="0" cb="0"/><line nr="57" mi="0" ci="4" mb="0" cb="0"/><line nr="58" mi="0" ci="2" mb="0" cb="0"/><line nr="59" mi="0" ci="2" mb="0" cb="0"/><line nr="60" mi="0" ci="2" mb="0" cb="0"/><line nr="62" mi="1" ci="8" mb="1" cb="1"/><line nr="63" mi="0" ci="4" mb="0" cb="0"/><line nr="64" mi="0" ci="2" mb="0" cb="0"/><line nr="65" mi="1" ci="8" mb="1" cb="1"/><line nr="66" mi="0" ci="6" mb="0" cb="0"/><line nr="67" mi="0" ci="6" mb="0" cb="0"/><line nr="68" mi="0" ci="6" mb="0" cb="0"/><line nr="69" mi="0" ci="6" mb="0" cb="0"/><line nr="70" mi="0" ci="6" mb="0" cb="0"/><line nr="72" mi="1" ci="8" mb="1" cb="1"/><line nr="73" mi="0" ci="5" mb="0" cb="0"/><line nr="74" mi="0" ci="5" mb="0" cb="0"/><line nr="75" mi="0" ci="5" mb="0" cb="0"/><line nr="76" mi="0" ci="5" mb="0" cb="0"/><line nr="77" mi="0" ci="5" mb="0" cb="0"/><line nr="78" mi="0" ci="5" mb="0" cb="0"/><line nr="79" mi="0" ci="5" mb="0" cb="0"/><line nr="80" mi="0" ci="5" mb="0" cb="0"/><line nr="81" mi="0" ci="5" mb="0" cb="0"/><line nr="83" mi="1" ci="9" mb="2" cb="2"/><line nr="84" mi="1" ci="9" mb="2" cb="2"/><line nr="85" mi="1" ci="9" mb="2" cb="2"/><line nr="86" mi="1" ci="9" mb="2" cb="2"/><line nr="87" mi="1" ci="9" mb="2" cb="2"/><line nr="88" mi="1" ci="9" mb="2" cb="2"/><line nr="89" mi="1" ci="9" mb="2" cb="2"/><line nr="90" mi="1" ci="9" mb="2" cb="2"/><line nr="91" mi="1" ci="9" mb="2" cb="2"/><line nr="93" mi="0" ci="5" mb="0" cb="0"/><line nr="94" mi="0" ci="5" mb="0" cb="0"/><line nr="95" mi="0" ci="5" mb="0" cb="0"/><line nr="96" mi="0" ci="5" mb="0" cb="0"/><line nr="97" mi="0" ci="5" mb="0" cb="0"/><line nr="98" mi="0" ci="5" mb="0" cb="0"/><line nr="99" mi="0" ci="5" mb="0" cb="0"/><line nr="100" mi="0" ci="5" mb="0" cb="0"/><line nr="101" mi="0" ci="5" mb="0" cb="0"/><line nr="103" mi="1" ci="9" mb="2" cb="2"/><line nr="104" mi="1" ci="9" mb="2" cb="2"/><line nr="105" mi="1" ci="9" mb="2" cb="2"/><line nr="106" mi="1" ci="9" mb="2" cb="2"/><line nr="107" mi="1" ci="9" mb="2" cb="2"/><line nr="108" mi="1" ci="9" mb="2" cb="2"/><line nr="109" mi="1" ci="9" mb="2" cb="2"/><line nr="110" mi="1" ci="9" mb="2" cb="2"/><line nr="111" mi="1" ci="9" mb="2" cb="2"/><line nr="113" mi="0" ci="5" mb="0" cb="0"/><line nr="114" mi="0" ci="5" mb="0" cb="0"/><line nr="115" mi="0" ci="5" mb="0" cb="0"/><line nr="116" mi="0" ci="5" mb="0" cb="0"/><line nr="118" mi="1" ci="9" mb="2" cb="2"/><line nr="119" mi="1" ci="9" mb="2" cb="2"/><line nr="120" mi="1" ci="9" mb="2" cb="2"/><line nr="121" mi="1" ci="9" mb="2" cb="2"/><line nr="123" mi="0" ci="5" mb="0" cb="0"/><line nr="124" mi="0" ci="11" mb="0" cb="0"/><line nr="125" mi="0" ci="5" mb="0" cb="0"/><line nr="126" mi="0" ci="5" mb="0" cb="0"/><line nr="127" mi="0" ci="4" mb="0" cb="0"/><line nr="128" mi="1" ci="9" mb="2" cb="2"/><line nr="129" mi="1" ci="10" mb="1" cb="1"/><line nr="130" mi="1" ci="10" mb="1" cb="1"/><line nr="131" mi="0" ci="1" mb="0" cb="0"/><line nr="135" mi="0" ci="3" mb="0" cb="0"/><line nr="136" mi="0" ci="3" mb="0" cb="0"/><line nr="138" mi="0" ci="5" mb="0" cb="0"/><line nr="139" mi="0" ci="3" mb="0" cb="0"/><line nr="141" mi="0" ci="5" mb="0" cb="0"/><line nr="142" mi="0" ci="2" mb="0" cb="0"/><line nr="143" mi="0" ci="4" mb="0" cb="0"/><line nr="144" mi="0" ci="4" mb="0" cb="0"/><line nr="145" mi="1" ci="8" mb="1" cb="1"/><line nr="146" mi="1" ci="8" mb="1" cb="1"/><line nr="148" mi="0" ci="4" mb="0" cb="0"/><line nr="149" mi="0" ci="2" mb="0" cb="0"/><line nr="150" mi="1" ci="8" mb="1" cb="1"/><line nr="151" mi="1" ci="9" mb="1" cb="1"/><line nr="152" mi="1" ci="9" mb="1" cb="1"/><line nr="153" mi="1" ci="9" mb="1" cb="1"/><line nr="155" mi="0" ci="4" mb="0" cb="0"/><line nr="156" mi="0" ci="2" mb="0" cb="0"/><line nr="158" mi="1" ci="8" mb="1" cb="1"/><line nr="159" mi="0" ci="5" mb="0" cb="0"/><line nr="160" mi="1" ci="5" mb="1" cb="1"/><line nr="161" mi="1" ci="7" mb="1" cb="1"/><line nr="162" mi="1" ci="7" mb="1" cb="1"/><line nr="163" mi="1" ci="6" mb="1" cb="1"/><line nr="167" mi="0" ci="4" mb="0" cb="0"/><line nr="168" mi="0" ci="5" mb="0" cb="0"/><line nr="170" mi="1" ci="8" mb="1" cb="1"/><line nr="172" mi="0" ci="4" mb="0" cb="0"/><line nr="173" mi="0" ci="2" mb="0" cb="0"/><line nr="174" mi="1" ci="8" mb="1" cb="1"/><line nr="176" mi="0" ci="4" mb="0" cb="0"/><line nr="177" mi="0" ci="2" mb="0" cb="0"/><line nr="178" mi="1" ci="8" mb="1" cb="1"/><line nr="179" mi="0" ci="8" mb="0" cb="0"/><line nr="180" mi="1" ci="11" mb="1" cb="1"/><line nr="181" mi="0" ci="8" mb="0" cb="0"/><line nr="182" mi="1" ci="11" mb="1" cb="1"/><line nr="183" mi="0" ci="8" mb="0" cb="0"/><line nr="184" mi="1" ci="11" mb="1" cb="1"/><line nr="185" mi="0" ci="8" mb="0" cb="0"/><line nr="186" mi="1" ci="11" mb="1" cb="1"/><line nr="187" mi="0" ci="8" mb="0" cb="0"/><line nr="188" mi="1" ci="11" mb="1" cb="1"/><line nr="190" mi="0" ci="4" mb="0" cb="0"/><line nr="191" mi="0" ci="2" mb="0" cb="0"/><line nr="192" mi="1" ci="8" mb="1" cb="1"/><line nr="193" mi="0" ci="9" mb="0" cb="0"/><line nr="194" mi="1" ci="11" mb="1" cb="1"/><line nr="195" mi="0" ci="9" mb="0" cb="0"/><line nr="196" mi="1" ci="11" mb="1" cb="1"/><line nr="197" mi="0" ci="9" mb="0" cb="0"/><line nr="198" mi="1" ci="10" mb="1" cb="1"/><line nr="199" mi="0" ci="9" mb="0" cb="0"/><line nr="200" mi="1" ci="11" mb="1" cb="1"/><line nr="201" mi="0" ci="9" mb="0" cb="0"/><line nr="202" mi="1" ci="11" mb="1" cb="1"/><line nr="203" mi="0" ci="9" mb="0" cb="0"/><line nr="204" mi="1" ci="11" mb="1" cb="1"/><line nr="205" mi="0" ci="9" mb="0" cb="0"/><line nr="206" mi="1" ci="11" mb="1" cb="1"/><line nr="208" mi="0" ci="4" mb="0" cb="0"/><line nr="209" mi="0" ci="2" mb="0" cb="0"/><line nr="210" mi="1" ci="8" mb="1" cb="1"/><line nr="211" mi="1" ci="8" mb="1" cb="1"/><line nr="213" mi="0" ci="4" mb="0" cb="0"/><line nr="214" mi="0" ci="4" mb="0" cb="0"/><line nr="216" mi="0" ci="2" mb="0" cb="0"/><line nr="217" mi="0" ci="5" mb="0" cb="0"/><line nr="218" mi="0" ci="5" mb="0" cb="0"/><line nr="219" mi="0" ci="4" mb="0" cb="0"/><line nr="221" mi="0" ci="2" mb="0" cb="0"/><line nr="222" mi="0" ci="5" mb="0" cb="0"/><line nr="223" mi="0" ci="5" mb="0" cb="0"/><line nr="224" mi="0" ci="4" mb="0" cb="0"/><line nr="226" mi="0" ci="4" mb="0" cb="0"/><line nr="227" mi="0" ci="2" mb="0" cb="0"/><line nr="228" mi="0" ci="4" mb="0" cb="0"/><line nr="229" mi="0" ci="2" mb="0" cb="0"/><line nr="231" mi="0" ci="4" mb="0" cb="0"/><line nr="232" mi="0" ci="2" mb="0" cb="0"/><line nr="234" mi="0" ci="5" mb="0" cb="0"/><line nr="235" mi="0" ci="1" mb="0" cb="0"/><line nr="236" mi="0" ci="2" mb="0" cb="0"/><line nr="237" mi="1" ci="7" mb="1" cb="1"/><line nr="239" mi="0" ci="5" mb="0" cb="0"/><line nr="240" mi="0" ci="1" mb="0" cb="0"/><line nr="241" mi="0" ci="2" mb="0" cb="0"/><line nr="242" mi="1" ci="7" mb="1" cb="1"/><line nr="244" mi="0" ci="5" mb="0" cb="0"/><line nr="245" mi="0" ci="1" mb="0" cb="0"/><line nr="246" mi="0" ci="2" mb="0" cb="0"/><line nr="247" mi="1" ci="7" mb="1" cb="1"/><line nr="249" mi="0" ci="5" mb="0" cb="0"/><line nr="250" mi="0" ci="1" mb="0" cb="0"/><line nr="251" mi="0" ci="2" mb="0" cb="0"/><line nr="252" mi="1" ci="7" mb="1" cb="1"/><line nr="254" mi="0" ci="5" mb="0" cb="0"/><line nr="255" mi="0" ci="1" mb="0" cb="0"/><line nr="256" mi="0" ci="2" mb="0" cb="0"/><line nr="257" mi="1" ci="7" mb="1" cb="1"/><line nr="259" mi="0" ci="5" mb="0" cb="0"/><line nr="260" mi="0" ci="1" mb="0" cb="0"/><line nr="261" mi="0" ci="2" mb="0" cb="0"/><line nr="262" mi="1" ci="7" mb="1" cb="1"/><line nr="264" mi="0" ci="4" mb="0" cb="0"/><line nr="265" mi="0" ci="2" mb="0" cb="0"/><line nr="266" mi="1" ci="8" mb="1" cb="1"/><line nr="268" mi="0" ci="5" mb="0" cb="0"/><line nr="269" mi="0" ci="1" mb="0" cb="0"/><line nr="270" mi="0" ci="2" mb="0" cb="0"/><line nr="271" mi="1" ci="7" mb="1" cb="1"/><line nr="273" mi="0" ci="5" mb="0" cb="0"/><line nr="274" mi="0" ci="1" mb="0" cb="0"/><line nr="275" mi="0" ci="2" mb="0" cb="0"/><line nr="276" mi="1" ci="7" mb="1" cb="1"/><line nr="278" mi="0" ci="6" mb="0" cb="0"/><line nr="279" mi="0" ci="2" mb="0" cb="0"/><line nr="280" mi="1" ci="11" mb="2" cb="2"/><line nr="282" mi="0" ci="4" mb="0" cb="0"/><line nr="283" mi="0" ci="2" mb="0" cb="0"/><line nr="284" mi="0" ci="5" mb="0" cb="0"/><line nr="285" mi="0" ci="1" mb="0" cb="0"/><line nr="286" mi="0" ci="2" mb="0" cb="0"/><line nr="287" mi="1" ci="7" mb="1" cb="1"/><line nr="289" mi="0" ci="4" mb="0" cb="0"/><line nr="290" mi="0" ci="2" mb="0" cb="0"/><line nr="291" mi="1" ci="7" mb="1" cb="1"/><line nr="292" mi="1" ci="7" mb="1" cb="1"/><line nr="293" mi="1" ci="7" mb="1" cb="1"/><line nr="295" mi="0" ci="4" mb="0" cb="0"/><line nr="296" mi="0" ci="2" mb="0" cb="0"/><line nr="298" mi="0" ci="6" mb="0" cb="0"/><line nr="299" mi="0" ci="2" mb="0" cb="0"/><line nr="300" mi="1" ci="7" mb="1" cb="1"/><line nr="301" mi="0" ci="6" mb="0" cb="0"/><line nr="302" mi="0" ci="2" mb="0" cb="0"/><line nr="303" mi="1" ci="7" mb="1" cb="1"/><line nr="305" mi="0" ci="4" mb="0" cb="0"/><line nr="306" mi="0" ci="2" mb="0" cb="0"/><line nr="308" mi="0" ci="5" mb="0" cb="0"/><line nr="309" mi="0" ci="1" mb="0" cb="0"/><line nr="310" mi="1" ci="7" mb="1" cb="1"/><line nr="312" mi="0" ci="4" mb="0" cb="0"/><line nr="313" mi="0" ci="2" mb="0" cb="0"/><line nr="314" mi="0" ci="4" mb="0" cb="0"/><line nr="315" mi="0" ci="2" mb="0" cb="0"/><line nr="317" mi="0" ci="5" mb="0" cb="0"/><line nr="318" mi="0" ci="1" mb="0" cb="0"/><line nr="319" mi="0" ci="2" mb="0" cb="0"/><line nr="320" mi="0" ci="5" mb="0" cb="0"/><line nr="321" mi="0" ci="1" mb="0" cb="0"/><line nr="322" mi="0" ci="2" mb="0" cb="0"/><line nr="324" mi="1" ci="7" mb="1" cb="1"/><line nr="325" mi="1" ci="7" mb="1" cb="1"/><line nr="327" mi="0" ci="4" mb="0" cb="0"/><line nr="328" mi="0" ci="2" mb="0" cb="0"/><line nr="329" mi="0" ci="4" mb="0" cb="0"/><line nr="330" mi="0" ci="2" mb="0" cb="0"/><line nr="332" mi="0" ci="5" mb="0" cb="0"/><line nr="333" mi="0" ci="1" mb="0" cb="0"/><line nr="334" mi="0" ci="2" mb="0" cb="0"/><line nr="335" mi="1" ci="7" mb="1" cb="1"/><line nr="337" mi="0" ci="4" mb="0" cb="0"/><line nr="338" mi="0" ci="1" mb="0" cb="0"/><line nr="339" mi="0" ci="1" mb="0" cb="0"/><line nr="340" mi="0" ci="2" mb="0" cb="0"/><line nr="341" mi="1" ci="7" mb="1" cb="1"/><line nr="343" mi="0" ci="4" mb="0" cb="0"/><line nr="344" mi="0" ci="2" mb="0" cb="0"/><line nr="345" mi="1" ci="8" mb="1" cb="1"/><line nr="346" mi="0" ci="8" mb="0" cb="0"/><line nr="347" mi="0" ci="8" mb="0" cb="0"/><line nr="348" mi="0" ci="8" mb="0" cb="0"/><line nr="350" mi="0" ci="4" mb="0" cb="0"/><line nr="351" mi="0" ci="2" mb="0" cb="0"/><line nr="353" mi="0" ci="5" mb="0" cb="0"/><line nr="354" mi="0" ci="1" mb="0" cb="0"/><line nr="355" mi="0" ci="2" mb="0" cb="0"/><line nr="356" mi="1" ci="11" mb="1" cb="1"/><line nr="358" mi="0" ci="5" mb="0" cb="0"/><line nr="359" mi="0" ci="1" mb="0" cb="0"/><line nr="360" mi="0" ci="2" mb="0" cb="0"/><line nr="361" mi="1" ci="10" mb="1" cb="1"/><line nr="363" mi="0" ci="5" mb="0" cb="0"/><line nr="364" mi="0" ci="1" mb="0" cb="0"/><line nr="365" mi="0" ci="2" mb="0" cb="0"/><line nr="366" mi="1" ci="9" mb="1" cb="1"/><line nr="368" mi="0" ci="5" mb="0" cb="0"/><line nr="369" mi="0" ci="1" mb="0" cb="0"/><line nr="370" mi="0" ci="2" mb="0" cb="0"/><line nr="371" mi="1" ci="10" mb="1" cb="1"/><line nr="373" mi="0" ci="4" mb="0" cb="0"/><line nr="374" mi="0" ci="3" mb="0" cb="0"/><line nr="375" mi="1" ci="7" mb="1" cb="1"/><line nr="376" mi="0" ci="6" mb="0" cb="0"/><line nr="377" mi="0" ci="4" mb="0" cb="0"/><line nr="378" mi="0" ci="3" mb="0" cb="0"/><line nr="379" mi="1" ci="7" mb="1" cb="1"/><line nr="381" mi="0" ci="4" mb="0" cb="0"/><line nr="382" mi="0" ci="3" mb="0" cb="0"/><line nr="383" mi="0" ci="5" mb="0" cb="0"/><line nr="384" mi="0" ci="6" mb="0" cb="0"/><line nr="385" mi="0" ci="3" mb="0" cb="0"/><line nr="387" mi="0" ci="4" mb="0" cb="0"/><line nr="388" mi="0" ci="2" mb="0" cb="0"/><line nr="389" mi="1" ci="8" mb="1" cb="1"/><line nr="390" mi="0" ci="6" mb="0" cb="0"/><line nr="391" mi="0" ci="6" mb="0" cb="0"/><line nr="392" mi="0" ci="6" mb="0" cb="0"/><line nr="394" mi="1" ci="15" mb="2" cb="2"/><line nr="395" mi="1" ci="13" mb="2" cb="2"/><line nr="396" mi="1" ci="13" mb="2" cb="2"/><line nr="397" mi="0" ci="1" mb="0" cb="0"/><line nr="401" mi="0" ci="3" mb="0" cb="0"/><line nr="402" mi="0" ci="3" mb="0" cb="0"/><line nr="404" mi="0" ci="5" mb="0" cb="0"/><line nr="405" mi="0" ci="3" mb="0" cb="0"/><line nr="406" mi="0" ci="4" mb="0" cb="0"/><line nr="407" mi="0" ci="1" mb="0" cb="0"/><line nr="411" mi="0" ci="3" mb="0" cb="0"/><line nr="412" mi="0" ci="3" mb="0" cb="0"/><line nr="414" mi="0" ci="5" mb="0" cb="0"/><line nr="415" mi="0" ci="3" mb="0" cb="0"/><line nr="416" mi="0" ci="4" mb="0" cb="0"/><line nr="417" mi="0" ci="1" mb="0" cb="0"/><counter type="INSTRUCTION" missed="96" covered="1621"/><counter type="BRANCH" missed="118" covered="118"/><counter type="LINE" missed="1" covered="304"/><counter type="COMPLEXITY" missed="119" covered="6"/><counter type="METHOD" missed="1" covered="6"/><counter type="CLASS" missed="0" covered="1"/></sourcefile><counter type="INSTRUCTION" missed="346" covered="4809"/><counter type="BRANCH" missed="327" covered="319"/><counter type="LINE" missed="9" covered="980"/><counter type="COMPLEXITY" missed="324" covered="44"/><counter type="METHOD" missed="1" covered="44"/><counter type="CLASS" missed="0" covered="11"/></package><counter type="INSTRUCTION" missed="346" covered="4809"/><counter type="BRANCH" missed="327" covered="319"/><counter type="LINE" missed="9" covered="980"/><counter type="COMPLEXITY" missed="324" covered="44"/><counter type="METHOD" missed="1" covered="44"/><counter type="CLASS" missed="0" covered="11"/></group><group name="src/test/resources"/><group name="src/main/java"><package name="io/protostuff/parser"><class name="io/protostuff/parser/Field$UInt32" sourcefilename="Field.java"><method name="&lt;init&gt;" desc="()V" line="305"><counter type="INSTRUCTION" missed="0" covered="3"/><counter type="LINE" missed="0" covered="1"/><counter type="COMPLEXITY" missed="0" covered="1"/><counter type="METHOD" missed="0" covered="1"/></method><method name="getJavaType" desc="()Ljava/lang/String;" line="310"><counter type="INSTRUCTION" missed="2" covered="0"/><counter type="LINE" missed="1" covered="0"/><counter type="COMPLEXITY" missed="1" covered="0"/><counter type="METHOD" missed="1" covered="0"/></method><counter type="INSTRUCTION" missed="2" covered="3"/><counter type="LINE" missed="1" covered="1"/><counter type="COMPLEXITY" missed="1" covered="1"/><counter type="METHOD" missed="1" covered="1"/><counter type="CLASS" missed="0" covered="1"/></class><class name="io/protostuff/parser/Field$Bool" sourcefilename="Field.java"><method name="&lt;init&gt;" desc="()V" line="419"><counter type="INSTRUCTION" missed="0" covered="4"/><counter type="LINE" missed="0" covered="2"/><counter type="COMPLEXITY" missed="0" covered="1"/><counter type="METHOD" missed="0" covered="1"/></method><method name="getJavaType" desc="()Ljava/lang/String;" line="425"><counter type="INSTRUCTION" missed="2" covered="0"/><counter type="LINE" missed="1" covered="0"/><counter type="COMPLEXITY" missed="1" covered="0"/><counter type="METHOD" missed="1" covered="0"/></method><counter type="INSTRUCTION" missed="2" covered="4"/><counter type="LINE" missed="1" covered="2"/><counter type="COMPLEXITY" missed="1" covered="1"/><counter type="METHOD" missed="1" covered="1"/><counter type="CLASS" missed="0" covered="1"/></class><class name="io/protostuff/parser/EnumGroup" sourcefilename="EnumGroup.java"><method name="&lt;clinit&gt;" desc="()V" line="35"><counter type="INSTRUCTION" missed="0" covered="4"/><counter type="LINE" missed="0" covered="2"/><counter type="COMPLEXITY" missed="0" covered="1"/><counter type="METHOD" missed="0" covered="1"/></method><method name="&lt;init&gt;" desc="(Ljava/lang/String;Lio/protostuff/parser/Message;Lio/protostuff/parser/Proto;)V" line="42"><counter type="INSTRUCTION" missed="0" covered="45"/><counter type="BRANCH" missed="0" covered="2"/><counter type="LINE" missed="0" covered="14"/><counter type="COMPLEXITY" missed="0" covered="2"/><counter type="METHOD" missed="0" covered="1"/></method><method name="getName" desc="()Ljava/lang/String;" line="70"><counter type="INSTRUCTION" missed="3" covered="0"/><counter type="LINE" missed="1" covered="0"/><counter type="COMPLEXITY" missed="1" covered="0"/><counter type="METHOD" missed="1" covered="0"/></method><method name="getFullName" desc="()Ljava/lang/String;" line="75"><counter type="INSTRUCTION" missed="0" covered="33"/><counter type="BRANCH" missed="0" covered="2"/><counter type="LINE" missed="0" covered="5"/><counter type="COMPLEXITY" missed="0" covered="2"/><counter type="METHOD" missed="0" covered="1"/></method><method name="getJavaFullName" desc="()Ljava/lang/String;" line="85"><counter type="INSTRUCTION" missed="33" covered="0"/><counter type="BRANCH" missed="2" covered="0"/><counter type="LINE" missed="5" covered="0"/><counter type="COMPLEXITY" missed="2" covered="0"/><counter type="METHOD" missed="1" covered="0"/></method><method name="getRelativeName" desc="()Ljava/lang/String;" line="95"><counter type="INSTRUCTION" missed="20" covered="0"/><counter type="BRANCH" missed="2" covered="0"/><counter type="LINE" missed="1" covered="0"/><counter type="COMPLEXITY" missed="2" covered="0"/><counter type="METHOD" missed="1" covered="0"/></method><method name="getParentMessage" desc="()Lio/protostuff/parser/Message;" line="102"><counter type="INSTRUCTION" missed="0" covered="3"/><counter type="LINE" missed="0" covered="1"/><counter type="COMPLEXITY" missed="0" covered="1"/><counter type="METHOD" missed="0" covered="1"/></method><method name="isNested" desc="()Z" line="107"><counter type="INSTRUCTION" missed="0" covered="7"/><counter type="BRANCH" missed="0" covered="2"/><counter type="LINE" missed="0" covered="1"/><counter type="COMPLEXITY" missed="0" covered="2"/><counter type="METHOD" missed="0" covered="1"/></method><method name="getProto" desc="()Lio/protostuff/parser/Proto;" line="113"><counter type="INSTRUCTION" missed="0" covered="3"/><counter type="LINE" missed="0" covered="1"/><counter type="COMPLEXITY" missed="0" covered="1"/><counter type="METHOD" missed="0" covered="1"/></method><method name="putStandardOption" desc="(Ljava/lang/String;Ljava/lang/Object;)V" line="121"><counter type="INSTRUCTION" missed="0" covered="11"/><counter type="LINE" missed="0" covered="3"/><counter type="COMPLEXITY" missed="0" covered="1"/><counter type="METHOD" missed="0" covered="1"/></method><method name="putExtraOption" desc="(Ljava/lang/String;Ljava/lang/Object;)V" line="128"><counter type="INSTRUCTION" missed="11" covered="7"/><counter type="BRANCH" missed="1" covered="1"/><counter type="LINE" missed="1" covered="2"/><counter type="COMPLEXITY" missed="1" covered="1"/><counter type="METHOD" missed="0" covered="1"/></method><method name="getStandardOptions" desc="()Ljava/util/LinkedHashMap;" line="134"><counter type="INSTRUCTION" missed="3" covered="0"/><counter type="LINE" missed="1" covered="0"/><counter type="COMPLEXITY" missed="1" covered="0"/><counter type="METHOD" missed="1" covered="0"/></method><method name="getStandardOption" desc="(Ljava/lang/String;)Ljava/lang/Object;" line="139"><counter type="INSTRUCTION" missed="5" covered="0"/><counter type="LINE" missed="1" covered="0"/><counter type="COMPLEXITY" missed="1" covered="0"/><counter type="METHOD" missed="1" covered="0"/></method><method name="getExtraOptions" desc="()Ljava/util/LinkedHashMap;" line="144"><counter type="INSTRUCTION" missed="3" covered="0"/><counter type="LINE" missed="1" covered="0"/><counter type="COMPLEXITY" missed="1" covered="0"/><counter type="METHOD" missed="1" covered="0"/></method><method name="getO" desc="()Ljava/util/LinkedHashMap;" line="149"><counter type="INSTRUCTION" missed="3" covered="0"/><counter type="LINE" missed="1" covered="0"/><counter type="COMPLEXITY" missed="1" covered="0"/><counter type="METHOD" missed="1" covered="0"/></method><method name="getOptions" desc="()Ljava/util/LinkedHashMap;" line="155"><counter type="INSTRUCTION" missed="0" covered="3"/><counter type="LINE" missed="0" covered="1"/><counter type="COMPLEXITY" missed="0" covered="1"/><counter type="METHOD" missed="0" covered="1"/></method><method name="getExtraOption" desc="(Ljava/lang/String;)Ljava/lang/Object;" line="161"><counter type="INSTRUCTION" missed="0" covered="5"/><counter type="LINE" missed="0" covered="1"/><counter type="COMPLEXITY" missed="0" covered="1"/><counter type="METHOD" missed="0" covered="1"/></method><method name="getValue" desc="(I)Lio/protostuff/parser/EnumGroup$Value;" line="166"><counter type="INSTRUCTION" missed="8" covered="9"/><counter type="BRANCH" missed="1" covered="1"/><counter type="LINE" missed="1" covered="2"/><counter type="COMPLEXITY" missed="1" covered="1"/><counter type="METHOD" missed="0" covered="1"/></method><method name="getValue" desc="(Ljava/lang/String;)Lio/protostuff/parser/EnumGroup$Value;" line="174"><counter type="INSTRUCTION" missed="0" covered="6"/><counter type="LINE" missed="0" covered="1"/><counter type="COMPLEXITY" missed="0" covered="1"/><counter type="METHOD" missed="0" covered="1"/></method><method name="getValues" desc="()Ljava/util/Collection;" line="179"><counter type="INSTRUCTION" missed="0" covered="4"/><counter type="LINE" missed="0" covered="1"/><counter type="COMPLEXITY" missed="0" covered="1"/><counter type="METHOD" missed="0" covered="1"/></method><method name="getValueMap" desc="()Ljava/util/LinkedHashMap;" line="184"><counter type="INSTRUCTION" missed="3" covered="0"/><counter type="LINE" missed="1" covered="0"/><counter type="COMPLEXITY" missed="1" covered="0"/><counter type="METHOD" missed="1" covered="0"/></method><method name="getSortedValues" desc="()Ljava/util/ArrayList;" line="189"><counter type="INSTRUCTION" missed="0" covered="3"/><counter type="LINE" missed="0" covered="1"/><counter type="COMPLEXITY" missed="0" covered="1"/><counter type="METHOD" missed="0" covered="1"/></method><method name="getFirstValue" desc="()Lio/protostuff/parser/EnumGroup$Value;" line="194"><counter type="INSTRUCTION" missed="0" covered="17"/><counter type="BRANCH" missed="0" covered="2"/><counter type="LINE" missed="0" covered="3"/><counter type="COMPLEXITY" missed="0" covered="2"/><counter type="METHOD" missed="0" covered="1"/></method><method name="getValueCount" desc="()I" line="202"><counter type="INSTRUCTION" missed="4" covered="0"/><counter type="LINE" missed="1" covered="0"/><counter type="COMPLEXITY" missed="1" covered="0"/><counter type="METHOD" missed="1" covered="0"/></method><method name="add" desc="(Lio/protostuff/parser/EnumGroup$Value;)V" line="207"><counter type="INSTRUCTION" missed="17" covered="13"/><counter type="BRANCH" missed="1" covered="1"/><counter type="LINE" missed="2" covered="3"/><counter type="COMPLEXITY" missed="1" covered="1"/><counter type="METHOD" missed="0" covered="1"/></method><method name="cacheFullyQualifiedName" desc="()V" line="218"><counter type="INSTRUCTION" missed="9" covered="82"/><counter type="BRANCH" missed="2" covered="10"/><counter type="LINE" missed="3" covered="16"/><counter type="COMPLEXITY" missed="2" covered="5"/><counter type="METHOD" missed="0" covered="1"/></method><method name="getUniqueSortedValues" desc="()Ljava/util/ArrayList;" line="251"><counter type="INSTRUCTION" missed="42" covered="0"/><counter type="BRANCH" missed="8" covered="0"/><counter type="LINE" missed="9" covered="0"/><counter type="COMPLEXITY" missed="5" covered="0"/><counter type="METHOD" missed="1" covered="0"/></method><method name="toString" desc="()Ljava/lang/String;" line="267"><counter type="INSTRUCTION" missed="21" covered="0"/><counter type="LINE" missed="6" covered="0"/><counter type="COMPLEXITY" missed="1" covered="0"/><counter type="METHOD" missed="1" covered="0"/></method><counter type="INSTRUCTION" missed="185" covered="255"/><counter type="BRANCH" missed="17" covered="21"/><counter type="LINE" missed="35" covered="58"/><counter type="COMPLEXITY" missed="22" covered="25"/><counter type="METHOD" missed="11" covered="17"/><counter type="CLASS" missed="0" covered="1"/></class><class name="io/protostuff/parser/Field$SFixed32" sourcefilename="Field.java"><method name="&lt;init&gt;" desc="()V" line="335"><counter type="INSTRUCTION" missed="0" covered="3"/><counter type="LINE" missed="0" covered="1"/><counter type="COMPLEXITY" missed="0" covered="1"/><counter type="METHOD" missed="0" covered="1"/></method><method name="getJavaType" desc="()Ljava/lang/String;" line="340"><counter type="INSTRUCTION" missed="2" covered="0"/><counter type="LINE" missed="1" covered="0"/><counter type="COMPLEXITY" missed="1" covered="0"/><counter type="METHOD" missed="1" covered="0"/></method><counter type="INSTRUCTION" missed="2" covered="3"/><counter type="LINE" missed="1" covered="1"/><counter type="COMPLEXITY" missed="1" covered="1"/><counter type="METHOD" missed="1" covered="1"/><counter type="CLASS" missed="0" covered="1"/></class><class name="io/protostuff/parser/Field$Int64" sourcefilename="Field.java"><method name="&lt;init&gt;" desc="()V" line="345"><counter type="INSTRUCTION" missed="0" covered="3"/><counter type="LINE" missed="0" covered="1"/><counter type="COMPLEXITY" missed="0" covered="1"/><counter type="METHOD" missed="0" covered="1"/></method><method name="getJavaType" desc="()Ljava/lang/String;" line="350"><counter type="INSTRUCTION" missed="2" covered="0"/><counter type="LINE" missed="1" covered="0"/><counter type="COMPLEXITY" missed="1" covered="0"/><counter type="METHOD" missed="1" covered="0"/></method><counter type="INSTRUCTION" missed="2" covered="3"/><counter type="LINE" missed="1" covered="1"/><counter type="COMPLEXITY" missed="1" covered="1"/><counter type="METHOD" missed="1" covered="1"/><counter type="CLASS" missed="0" covered="1"/></class><class name="io/protostuff/parser/Field$SInt32" sourcefilename="Field.java"><method name="&lt;init&gt;" desc="()V" line="315"><counter type="INSTRUCTION" missed="0" covered="3"/><counter type="LINE" missed="0" covered="1"/><counter type="COMPLEXITY" missed="0" covered="1"/><counter type="METHOD" missed="0" covered="1"/></method><method name="getJavaType" desc="()Ljava/lang/String;" line="320"><counter type="INSTRUCTION" missed="2" covered="0"/><counter type="LINE" missed="1" covered="0"/><counter type="COMPLEXITY" missed="1" covered="0"/><counter type="METHOD" missed="1" covered="0"/></method><counter type="INSTRUCTION" missed="2" covered="3"/><counter type="LINE" missed="1" covered="1"/><counter type="COMPLEXITY" missed="1" covered="1"/><counter type="METHOD" missed="1" covered="1"/><counter type="CLASS" missed="0" covered="1"/></class><class name="io/protostuff/parser/Service" sourcefilename="Service.java"><method name="&lt;init&gt;" desc="(Ljava/lang/String;Lio/protostuff/parser/Message;Lio/protostuff/parser/Proto;)V" line="33"><counter type="INSTRUCTION" missed="0" covered="40"/><counter type="BRANCH" missed="0" covered="2"/><counter type="LINE" missed="0" covered="13"/><counter type="COMPLEXITY" missed="0" covered="2"/><counter type="METHOD" missed="0" covered="1"/></method><method name="getName" desc="()Ljava/lang/String;" line="58"><counter type="INSTRUCTION" missed="3" covered="0"/><counter type="LINE" missed="1" covered="0"/><counter type="COMPLEXITY" missed="1" covered="0"/><counter type="METHOD" missed="1" covered="0"/></method><method name="getFullName" desc="()Ljava/lang/String;" line="63"><counter type="INSTRUCTION" missed="33" covered="0"/><counter type="BRANCH" missed="2" covered="0"/><counter type="LINE" missed="5" covered="0"/><counter type="COMPLEXITY" missed="2" covered="0"/><counter type="METHOD" missed="1" covered="0"/></method><method name="getJavaFullName" desc="()Ljava/lang/String;" line="73"><counter type="INSTRUCTION" missed="33" covered="0"/><counter type="BRANCH" missed="2" covered="0"/><counter type="LINE" missed="5" covered="0"/><counter type="COMPLEXITY" missed="2" covered="0"/><counter type="METHOD" missed="1" covered="0"/></method><method name="getRelativeName" desc="()Ljava/lang/String;" line="83"><counter type="INSTRUCTION" missed="20" covered="0"/><counter type="BRANCH" missed="2" covered="0"/><counter type="LINE" missed="1" covered="0"/><counter type="COMPLEXITY" missed="2" covered="0"/><counter type="METHOD" missed="1" covered="0"/></method><method name="getParentMessage" desc="()Lio/protostuff/parser/Message;" line="90"><counter type="INSTRUCTION" missed="3" covered="0"/><counter type="LINE" missed="1" covered="0"/><counter type="C
[...]
e nr="2346" mi="0" ci="1" mb="0" cb="0"/><line nr="2350" mi="0" ci="2" mb="0" cb="0"/><line nr="2353" mi="0" ci="1" mb="0" cb="0"/><line nr="2357" mi="0" ci="2" mb="0" cb="0"/><line nr="2360" mi="0" ci="1" mb="0" cb="0"/><line nr="2364" mi="0" ci="2" mb="0" cb="0"/><line nr="2367" mi="0" ci="1" mb="0" cb="0"/><line nr="2371" mi="0" ci="2" mb="0" cb="0"/><line nr="2374" mi="0" ci="1" mb="0" cb="0"/><line nr="2378" mi="0" ci="2" mb="0" cb="0"/><line nr="2381" mi="0" ci="1" mb="0" cb="0"/><line nr="2385" mi="0" ci="2" mb="0" cb="0"/><line nr="2388" mi="0" ci="1" mb="0" cb="0"/><line nr="2392" mi="0" ci="2" mb="0" cb="0"/><line nr="2395" mi="0" ci="1" mb="0" cb="0"/><line nr="2399" mi="0" ci="2" mb="0" cb="0"/><line nr="2402" mi="0" ci="1" mb="0" cb="0"/><line nr="2406" mi="0" ci="2" mb="0" cb="0"/><line nr="2409" mi="0" ci="1" mb="0" cb="0"/><line nr="2413" mi="0" ci="2" mb="0" cb="0"/><line nr="2416" mi="0" ci="1" mb="0" cb="0"/><line nr="2420" mi="0" ci="2" mb="0" cb="0"/><line nr="2423" mi="0" ci="1" mb="0" cb="0"/><line nr="2427" mi="0" ci="2" mb="0" cb="0"/><line nr="2430" mi="0" ci="1" mb="0" cb="0"/><line nr="2434" mi="0" ci="2" mb="0" cb="0"/><line nr="2437" mi="0" ci="1" mb="0" cb="0"/><line nr="2441" mi="0" ci="2" mb="0" cb="0"/><line nr="2444" mi="0" ci="1" mb="0" cb="0"/><line nr="2448" mi="0" ci="2" mb="0" cb="0"/><line nr="2451" mi="0" ci="1" mb="0" cb="0"/><line nr="2455" mi="0" ci="2" mb="0" cb="0"/><line nr="2458" mi="0" ci="1" mb="0" cb="0"/><line nr="2462" mi="0" ci="2" mb="0" cb="0"/><line nr="2465" mi="0" ci="1" mb="0" cb="0"/><line nr="2469" mi="0" ci="2" mb="0" cb="0"/><line nr="2472" mi="0" ci="1" mb="0" cb="0"/><line nr="2476" mi="0" ci="2" mb="0" cb="0"/><line nr="2479" mi="0" ci="1" mb="0" cb="0"/><line nr="2483" mi="0" ci="2" mb="0" cb="0"/><line nr="2486" mi="0" ci="1" mb="0" cb="0"/><line nr="2490" mi="0" ci="2" mb="0" cb="0"/><line nr="2493" mi="0" ci="1" mb="0" cb="0"/><line nr="2497" mi="0" ci="2" mb="0" cb="0"/><line nr="2500" mi="0" ci="1" mb="0" cb="0"/><line nr="2504" mi="0" ci="2" mb="0" cb="0"/><line nr="2507" mi="0" ci="1" mb="0" cb="0"/><line nr="2511" mi="0" ci="2" mb="0" cb="0"/><line nr="2514" mi="0" ci="1" mb="0" cb="0"/><line nr="2518" mi="0" ci="2" mb="0" cb="0"/><line nr="2521" mi="0" ci="1" mb="0" cb="0"/><line nr="2525" mi="0" ci="2" mb="0" cb="0"/><line nr="2528" mi="0" ci="1" mb="0" cb="0"/><line nr="2532" mi="0" ci="2" mb="0" cb="0"/><line nr="2535" mi="0" ci="1" mb="0" cb="0"/><line nr="2539" mi="0" ci="2" mb="0" cb="0"/><line nr="2542" mi="0" ci="1" mb="0" cb="0"/><line nr="2546" mi="0" ci="2" mb="0" cb="0"/><line nr="2549" mi="0" ci="1" mb="0" cb="0"/><line nr="2553" mi="0" ci="2" mb="0" cb="0"/><line nr="2556" mi="0" ci="1" mb="0" cb="0"/><line nr="2560" mi="0" ci="2" mb="0" cb="0"/><line nr="2563" mi="0" ci="1" mb="0" cb="0"/><line nr="2567" mi="0" ci="2" mb="0" cb="0"/><line nr="2570" mi="0" ci="1" mb="0" cb="0"/><line nr="2574" mi="2" ci="0" mb="0" cb="0"/><line nr="2577" mi="1" ci="0" mb="0" cb="0"/><line nr="2581" mi="0" ci="2" mb="0" cb="0"/><line nr="2584" mi="0" ci="1" mb="0" cb="0"/><line nr="2588" mi="0" ci="2" mb="0" cb="0"/><line nr="2591" mi="0" ci="1" mb="0" cb="0"/><line nr="2595" mi="0" ci="2" mb="0" cb="0"/><line nr="2598" mi="0" ci="1" mb="0" cb="0"/><line nr="2602" mi="2" ci="0" mb="0" cb="0"/><line nr="2605" mi="1" ci="0" mb="0" cb="0"/><line nr="2609" mi="0" ci="2" mb="0" cb="0"/><line nr="2612" mi="0" ci="1" mb="0" cb="0"/><line nr="2616" mi="0" ci="2" mb="0" cb="0"/><line nr="2619" mi="0" ci="1" mb="0" cb="0"/><line nr="2623" mi="0" ci="2" mb="0" cb="0"/><line nr="2626" mi="0" ci="1" mb="0" cb="0"/><line nr="2630" mi="0" ci="2" mb="0" cb="0"/><line nr="2636" mi="0" ci="1" mb="0" cb="0"/><line nr="2639" mi="7" ci="7" mb="0" cb="0"/><line nr="2640" mi="7" ci="7" mb="0" cb="0"/><line nr="2653" mi="0" ci="5" mb="0" cb="0"/><line nr="2654" mi="0" ci="4" mb="0" cb="0"/><line nr="2655" mi="0" ci="4" mb="0" cb="0"/><line nr="2656" mi="0" ci="4" mb="0" cb="0"/><line nr="2657" mi="0" ci="4" mb="0" cb="0"/><line nr="2658" mi="0" ci="4" mb="0" cb="0"/><line nr="2659" mi="0" ci="4" mb="0" cb="0"/><line nr="2660" mi="0" ci="2" mb="0" cb="0"/><line nr="2663" mi="0" ci="3" mb="0" cb="0"/><line nr="2664" mi="0" ci="3" mb="0" cb="0"/><line nr="2665" mi="0" ci="3" mb="0" cb="0"/><line nr="2666" mi="0" ci="3" mb="0" cb="0"/><line nr="2667" mi="0" ci="3" mb="0" cb="0"/><line nr="2668" mi="0" ci="3" mb="0" cb="0"/><line nr="2672" mi="0" ci="3" mb="0" cb="0"/><line nr="2673" mi="0" ci="3" mb="0" cb="0"/><line nr="2674" mi="0" ci="7" mb="0" cb="2"/><line nr="2675" mi="0" ci="7" mb="0" cb="0"/><line nr="2681" mi="0" ci="5" mb="0" cb="0"/><line nr="2682" mi="0" ci="3" mb="0" cb="0"/><line nr="2683" mi="0" ci="3" mb="0" cb="0"/><line nr="2684" mi="0" ci="3" mb="0" cb="0"/><line nr="2685" mi="0" ci="3" mb="0" cb="0"/><line nr="2686" mi="0" ci="3" mb="0" cb="0"/><line nr="2687" mi="0" ci="3" mb="0" cb="0"/><line nr="2688" mi="0" ci="3" mb="0" cb="0"/><line nr="2689" mi="0" ci="3" mb="0" cb="0"/><line nr="2690" mi="0" ci="3" mb="0" cb="0"/><line nr="2691" mi="0" ci="1" mb="0" cb="0"/><line nr="2694" mi="2" ci="0" mb="0" cb="0"/><line nr="2737" mi="0" ci="5" mb="0" cb="0"/><line nr="2738" mi="0" ci="4" mb="0" cb="0"/><line nr="2743" mi="0" ci="4" mb="0" cb="0"/><line nr="2744" mi="0" ci="4" mb="0" cb="0"/><line nr="2745" mi="0" ci="4" mb="0" cb="0"/><line nr="2746" mi="0" ci="4" mb="0" cb="0"/><line nr="2747" mi="0" ci="4" mb="0" cb="0"/><line nr="2748" mi="0" ci="4" mb="0" cb="0"/><line nr="2749" mi="0" ci="4" mb="0" cb="0"/><line nr="2750" mi="0" ci="4" mb="0" cb="0"/><line nr="2751" mi="0" ci="4" mb="0" cb="0"/><line nr="2752" mi="0" ci="4" mb="0" cb="0"/><line nr="2753" mi="0" ci="4" mb="0" cb="0"/><line nr="2754" mi="0" ci="4" mb="0" cb="0"/><line nr="2755" mi="0" ci="4" mb="0" cb="0"/><line nr="2757" mi="0" ci="4" mb="0" cb="0"/><line nr="2759" mi="0" ci="4" mb="0" cb="0"/><line nr="2760" mi="0" ci="4" mb="0" cb="0"/><line nr="2762" mi="0" ci="4" mb="0" cb="0"/><line nr="2764" mi="0" ci="4" mb="0" cb="0"/><line nr="2766" mi="0" ci="4" mb="0" cb="0"/><line nr="2768" mi="0" ci="4" mb="0" cb="0"/><line nr="2770" mi="0" ci="4" mb="0" cb="0"/><line nr="2772" mi="0" ci="4" mb="0" cb="0"/><line nr="2774" mi="0" ci="4" mb="0" cb="0"/><line nr="2776" mi="0" ci="4" mb="0" cb="0"/><line nr="2778" mi="0" ci="4" mb="0" cb="0"/><line nr="2780" mi="0" ci="4" mb="0" cb="0"/><line nr="2782" mi="0" ci="4" mb="0" cb="0"/><line nr="2783" mi="0" ci="4" mb="0" cb="0"/><line nr="2785" mi="0" ci="4" mb="0" cb="0"/><line nr="2786" mi="0" ci="4" mb="0" cb="0"/><line nr="2787" mi="0" ci="4" mb="0" cb="0"/><line nr="2788" mi="0" ci="4" mb="0" cb="0"/><line nr="2789" mi="0" ci="4" mb="0" cb="0"/><line nr="2790" mi="0" ci="4" mb="0" cb="0"/><line nr="2791" mi="0" ci="4" mb="0" cb="0"/><line nr="2792" mi="0" ci="4" mb="0" cb="0"/><line nr="2794" mi="0" ci="4" mb="0" cb="0"/><line nr="2795" mi="0" ci="4" mb="0" cb="0"/><line nr="2796" mi="0" ci="4" mb="0" cb="0"/><line nr="2797" mi="0" ci="4" mb="0" cb="0"/><line nr="2799" mi="0" ci="4" mb="0" cb="0"/><line nr="2801" mi="0" ci="4" mb="0" cb="0"/><line nr="2803" mi="0" ci="4" mb="0" cb="0"/><line nr="2805" mi="0" ci="4" mb="0" cb="0"/><line nr="2807" mi="0" ci="4" mb="0" cb="0"/><line nr="2809" mi="0" ci="4" mb="0" cb="0"/><line nr="2811" mi="0" ci="4" mb="0" cb="0"/><line nr="2813" mi="0" ci="4" mb="0" cb="0"/><line nr="2815" mi="0" ci="4" mb="0" cb="0"/><line nr="2817" mi="0" ci="4" mb="0" cb="0"/><line nr="2819" mi="0" ci="4" mb="0" cb="0"/><line nr="2821" mi="0" ci="4" mb="0" cb="0"/><line nr="2823" mi="0" ci="4" mb="0" cb="0"/><line nr="2825" mi="0" ci="4" mb="0" cb="0"/><line nr="2827" mi="0" ci="4" mb="0" cb="0"/><line nr="2829" mi="0" ci="4" mb="0" cb="0"/><line nr="2831" mi="0" ci="4" mb="0" cb="0"/><line nr="2833" mi="0" ci="4" mb="0" cb="0"/><line nr="2835" mi="0" ci="4" mb="0" cb="0"/><line nr="2837" mi="0" ci="4" mb="0" cb="0"/><line nr="2839" mi="0" ci="4" mb="0" cb="0"/><line nr="2841" mi="0" ci="4" mb="0" cb="0"/><line nr="2843" mi="0" ci="4" mb="0" cb="0"/><line nr="2845" mi="0" ci="4" mb="0" cb="0"/><line nr="2847" mi="0" ci="4" mb="0" cb="0"/><line nr="2848" mi="0" ci="4" mb="0" cb="0"/><line nr="2849" mi="0" ci="4" mb="0" cb="0"/><line nr="2850" mi="0" ci="4" mb="0" cb="0"/><line nr="2851" mi="0" ci="4" mb="0" cb="0"/><line nr="2852" mi="0" ci="4" mb="0" cb="0"/><line nr="2853" mi="0" ci="4" mb="0" cb="0"/><line nr="2854" mi="0" ci="4" mb="0" cb="0"/><line nr="2855" mi="0" ci="4" mb="0" cb="0"/><line nr="2856" mi="0" ci="4" mb="0" cb="0"/><line nr="2858" mi="0" ci="4" mb="0" cb="0"/><line nr="2860" mi="0" ci="4" mb="0" cb="0"/><line nr="2862" mi="0" ci="4" mb="0" cb="0"/><line nr="2863" mi="0" ci="4" mb="0" cb="0"/><line nr="2865" mi="0" ci="4" mb="0" cb="0"/><line nr="2867" mi="0" ci="4" mb="0" cb="0"/><line nr="2869" mi="0" ci="4" mb="0" cb="0"/><line nr="2871" mi="0" ci="4" mb="0" cb="0"/><line nr="2873" mi="0" ci="4" mb="0" cb="0"/><line nr="2875" mi="0" ci="4" mb="0" cb="0"/><line nr="2877" mi="0" ci="4" mb="0" cb="0"/><line nr="2879" mi="0" ci="4" mb="0" cb="0"/><line nr="2881" mi="0" ci="4" mb="0" cb="0"/><line nr="2883" mi="0" ci="4" mb="0" cb="0"/><line nr="2884" mi="0" ci="4" mb="0" cb="0"/><line nr="2886" mi="0" ci="4" mb="0" cb="0"/><line nr="2888" mi="0" ci="4" mb="0" cb="0"/><line nr="2890" mi="0" ci="4" mb="0" cb="0"/><line nr="2892" mi="0" ci="4" mb="0" cb="0"/><line nr="2894" mi="0" ci="4" mb="0" cb="0"/><line nr="2895" mi="0" ci="4" mb="0" cb="0"/><line nr="2897" mi="0" ci="4" mb="0" cb="0"/><line nr="2899" mi="0" ci="4" mb="0" cb="0"/><line nr="2901" mi="0" ci="4" mb="0" cb="0"/><line nr="2902" mi="0" ci="4" mb="0" cb="0"/><line nr="2904" mi="0" ci="4" mb="0" cb="0"/><line nr="2906" mi="0" ci="4" mb="0" cb="0"/><line nr="2908" mi="0" ci="4" mb="0" cb="0"/><line nr="2909" mi="0" ci="4" mb="0" cb="0"/><line nr="2910" mi="0" ci="4" mb="0" cb="0"/><line nr="2911" mi="0" ci="4" mb="0" cb="0"/><line nr="2912" mi="0" ci="4" mb="0" cb="0"/><line nr="2913" mi="0" ci="4" mb="0" cb="0"/><line nr="2915" mi="0" ci="4" mb="0" cb="0"/><line nr="2917" mi="0" ci="4" mb="0" cb="0"/><line nr="2919" mi="0" ci="4" mb="0" cb="0"/><line nr="2920" mi="0" ci="4" mb="0" cb="0"/><line nr="2921" mi="0" ci="4" mb="0" cb="0"/><line nr="2923" mi="0" ci="4" mb="0" cb="0"/><line nr="2925" mi="0" ci="4" mb="0" cb="0"/><line nr="2927" mi="0" ci="4" mb="0" cb="0"/><line nr="2929" mi="0" ci="4" mb="0" cb="0"/><line nr="2931" mi="0" ci="4" mb="0" cb="0"/><line nr="2933" mi="0" ci="4" mb="0" cb="0"/><line nr="2935" mi="0" ci="4" mb="0" cb="0"/><line nr="2937" mi="0" ci="4" mb="0" cb="0"/><line nr="2938" mi="0" ci="4" mb="0" cb="0"/><line nr="2939" mi="0" ci="4" mb="0" cb="0"/><line nr="2940" mi="0" ci="4" mb="0" cb="0"/><line nr="2942" mi="0" ci="4" mb="0" cb="0"/><line nr="2944" mi="0" ci="4" mb="0" cb="0"/><line nr="2945" mi="0" ci="4" mb="0" cb="0"/><line nr="2947" mi="0" ci="4" mb="0" cb="0"/><line nr="2948" mi="0" ci="4" mb="0" cb="0"/><line nr="2950" mi="0" ci="4" mb="0" cb="0"/><line nr="2952" mi="0" ci="4" mb="0" cb="0"/><line nr="2954" mi="0" ci="4" mb="0" cb="0"/><line nr="2956" mi="0" ci="4" mb="0" cb="0"/><line nr="2957" mi="0" ci="4" mb="0" cb="0"/><line nr="2959" mi="0" ci="4" mb="0" cb="0"/><line nr="2960" mi="0" ci="4" mb="0" cb="0"/><line nr="2961" mi="0" ci="4" mb="0" cb="0"/><line nr="2962" mi="0" ci="4" mb="0" cb="0"/><line nr="2963" mi="0" ci="4" mb="0" cb="0"/><line nr="2964" mi="0" ci="4" mb="0" cb="0"/><line nr="2965" mi="0" ci="4" mb="0" cb="0"/><line nr="2966" mi="0" ci="4" mb="0" cb="0"/><line nr="2967" mi="0" ci="4" mb="0" cb="0"/><line nr="2968" mi="0" ci="4" mb="0" cb="0"/><line nr="2969" mi="0" ci="4" mb="0" cb="0"/><line nr="2971" mi="0" ci="4" mb="0" cb="0"/><line nr="2972" mi="0" ci="4" mb="0" cb="0"/><line nr="2974" mi="0" ci="4" mb="0" cb="0"/><line nr="2976" mi="0" ci="4" mb="0" cb="0"/><line nr="2978" mi="0" ci="4" mb="0" cb="0"/><line nr="2980" mi="0" ci="4" mb="0" cb="0"/><line nr="2982" mi="0" ci="4" mb="0" cb="0"/><line nr="2984" mi="0" ci="4" mb="0" cb="0"/><line nr="2986" mi="0" ci="4" mb="0" cb="0"/><line nr="2988" mi="0" ci="4" mb="0" cb="0"/><line nr="2989" mi="0" ci="4" mb="0" cb="0"/><line nr="2990" mi="0" ci="4" mb="0" cb="0"/><line nr="2992" mi="0" ci="4" mb="0" cb="0"/><line nr="2994" mi="0" ci="4" mb="0" cb="0"/><line nr="2995" mi="0" ci="4" mb="0" cb="0"/><line nr="2997" mi="0" ci="4" mb="0" cb="0"/><line nr="2999" mi="0" ci="4" mb="0" cb="0"/><line nr="3001" mi="0" ci="4" mb="0" cb="0"/><line nr="3003" mi="0" ci="4" mb="0" cb="0"/><line nr="3004" mi="0" ci="4" mb="0" cb="0"/><line nr="3006" mi="0" ci="4" mb="0" cb="0"/><line nr="3008" mi="0" ci="4" mb="0" cb="0"/><line nr="3010" mi="0" ci="4" mb="0" cb="0"/><line nr="3012" mi="0" ci="4" mb="0" cb="0"/><line nr="3013" mi="0" ci="4" mb="0" cb="0"/><line nr="3014" mi="0" ci="4" mb="0" cb="0"/><line nr="3015" mi="0" ci="4" mb="0" cb="0"/><line nr="3016" mi="0" ci="4" mb="0" cb="0"/><line nr="3017" mi="0" ci="4" mb="0" cb="0"/><line nr="3019" mi="0" ci="4" mb="0" cb="0"/><line nr="3021" mi="0" ci="4" mb="0" cb="0"/><line nr="3022" mi="0" ci="4" mb="0" cb="0"/><line nr="3024" mi="0" ci="4" mb="0" cb="0"/><line nr="3025" mi="0" ci="4" mb="0" cb="0"/><line nr="3027" mi="0" ci="4" mb="0" cb="0"/><line nr="3028" mi="0" ci="4" mb="0" cb="0"/><line nr="3029" mi="0" ci="4" mb="0" cb="0"/><line nr="3031" mi="0" ci="4" mb="0" cb="0"/><line nr="3032" mi="0" ci="4" mb="0" cb="0"/><line nr="3033" mi="0" ci="4" mb="0" cb="0"/><line nr="3034" mi="0" ci="4" mb="0" cb="0"/><line nr="3035" mi="0" ci="4" mb="0" cb="0"/><line nr="3036" mi="0" ci="4" mb="0" cb="0"/><line nr="3038" mi="0" ci="4" mb="0" cb="0"/><line nr="3040" mi="0" ci="4" mb="0" cb="0"/><line nr="3041" mi="0" ci="4" mb="0" cb="0"/><line nr="3043" mi="0" ci="4" mb="0" cb="0"/><line nr="3045" mi="0" ci="4" mb="0" cb="0"/><line nr="3047" mi="0" ci="4" mb="0" cb="0"/><line nr="3048" mi="0" ci="4" mb="0" cb="0"/><line nr="3049" mi="0" ci="4" mb="0" cb="0"/><line nr="3050" mi="0" ci="4" mb="0" cb="0"/><line nr="3051" mi="0" ci="4" mb="0" cb="0"/><line nr="3053" mi="0" ci="4" mb="0" cb="0"/><line nr="3054" mi="0" ci="4" mb="0" cb="0"/><line nr="3055" mi="0" ci="4" mb="0" cb="0"/><line nr="3056" mi="0" ci="4" mb="0" cb="0"/><line nr="3057" mi="0" ci="4" mb="0" cb="0"/><line nr="3058" mi="0" ci="4" mb="0" cb="0"/><line nr="3059" mi="0" ci="4" mb="0" cb="0"/><line nr="3060" mi="0" ci="4" mb="0" cb="0"/><line nr="3061" mi="0" ci="4" mb="0" cb="0"/><line nr="3063" mi="0" ci="4" mb="0" cb="0"/><line nr="3065" mi="0" ci="4" mb="0" cb="0"/><line nr="3066" mi="0" ci="4" mb="0" cb="0"/><line nr="3067" mi="0" ci="4" mb="0" cb="0"/><line nr="3069" mi="0" ci="4" mb="0" cb="0"/><line nr="3070" mi="0" ci="4" mb="0" cb="0"/><line nr="3071" mi="0" ci="4" mb="0" cb="0"/><line nr="3073" mi="0" ci="4" mb="0" cb="0"/><line nr="3074" mi="0" ci="4" mb="0" cb="0"/><line nr="3076" mi="0" ci="4" mb="0" cb="0"/><line nr="3078" mi="0" ci="4" mb="0" cb="0"/><line nr="3079" mi="0" ci="4" mb="0" cb="0"/><line nr="3080" mi="0" ci="4" mb="0" cb="0"/><line nr="3081" mi="0" ci="4" mb="0" cb="0"/><line nr="3082" mi="0" ci="4" mb="0" cb="0"/><line nr="3083" mi="0" ci="4" mb="0" cb="0"/><line nr="3084" mi="0" ci="4" mb="0" cb="0"/><line nr="3085" mi="0" ci="4" mb="0" cb="0"/><line nr="3086" mi="0" ci="4" mb="0" cb="0"/><line nr="3087" mi="0" ci="4" mb="0" cb="0"/><line nr="3088" mi="0" ci="4" mb="0" cb="0"/><line nr="3089" mi="0" ci="4" mb="0" cb="0"/><line nr="3090" mi="0" ci="4" mb="0" cb="0"/><line nr="3091" mi="0" ci="4" mb="0" cb="0"/><line nr="3093" mi="0" ci="4" mb="0" cb="0"/><line nr="3094" mi="0" ci="4" mb="0" cb="0"/><line nr="3095" mi="0" ci="4" mb="0" cb="0"/><line nr="3096" mi="0" ci="4" mb="0" cb="0"/><line nr="3097" mi="0" ci="4" mb="0" cb="0"/><line nr="3098" mi="0" ci="4" mb="0" cb="0"/><line nr="3099" mi="0" ci="4" mb="0" cb="0"/><line nr="3100" mi="0" ci="4" mb="0" cb="0"/><line nr="3102" mi="0" ci="4" mb="0" cb="0"/><line nr="3103" mi="0" ci="4" mb="0" cb="0"/><line nr="3104" mi="0" ci="4" mb="0" cb="0"/><line nr="3105" mi="0" ci="2" mb="0" cb="0"/><line nr="3108" mi="0" ci="3" mb="0" cb="0"/><line nr="3109" mi="0" ci="3" mb="0" cb="0"/><line nr="3110" mi="0" ci="3" mb="0" cb="0"/><line nr="3111" mi="0" ci="3" mb="0" cb="0"/><line nr="3112" mi="0" ci="3" mb="0" cb="0"/><line nr="3113" mi="0" ci="3" mb="0" cb="0"/><line nr="3117" mi="0" ci="3" mb="0" cb="0"/><line nr="3118" mi="0" ci="3" mb="0" cb="0"/><line nr="3119" mi="0" ci="7" mb="0" cb="2"/><line nr="3120" mi="0" ci="7" mb="0" cb="0"/><line nr="3122" mi="0" ci="1" mb="0" cb="0"/><line nr="3126" mi="0" ci="5" mb="0" cb="0"/><line nr="3127" mi="0" ci="3" mb="0" cb="0"/><line nr="3128" mi="0" ci="3" mb="0" cb="0"/><line nr="3129" mi="0" ci="3" mb="0" cb="0"/><line nr="3130" mi="0" ci="3" mb="0" cb="0"/><line nr="3131" mi="0" ci="3" mb="0" cb="0"/><line nr="3132" mi="0" ci="3" mb="0" cb="0"/><line nr="3133" mi="0" ci="3" mb="0" cb="0"/><line nr="3134" mi="0" ci="3" mb="0" cb="0"/><line nr="3135" mi="0" ci="3" mb="0" cb="0"/><line nr="3136" mi="0" ci="1" mb="0" cb="0"/><line nr="3139" mi="2" ci="0" mb="0" cb="0"/><line nr="3143" mi="0" ci="2" mb="0" cb="0"/><line nr="3144" mi="0" ci="2" mb="0" cb="0"/><line nr="3145" mi="0" ci="2" mb="1" cb="3"/><line nr="3147" mi="0" ci="4" mb="0" cb="0"/><line nr="3148" mi="0" ci="2" mb="0" cb="0"/><line nr="3149" mi="0" ci="20" mb="6" cb="6"/><line nr="3150" mi="6" ci="0" mb="2" cb="0"/><line nr="3151" mi="5" ci="0" mb="2" cb="0"/><line nr="3152" mi="0" ci="4" mb="1" cb="1"/><line nr="3156" mi="0" ci="4" mb="0" cb="0"/><line nr="3157" mi="0" ci="2" mb="0" cb="0"/><line nr="3158" mi="0" ci="6" mb="0" cb="2"/><line nr="3159" mi="3" ci="3" mb="1" cb="1"/><line nr="3160" mi="0" ci="19" mb="6" cb="6"/><line nr="3161" mi="0" ci="4" mb="1" cb="1"/><line nr="3165" mi="0" ci="4" mb="0" cb="0"/><line nr="3166" mi="0" ci="2" mb="0" cb="0"/><line nr="3167" mi="0" ci="6" mb="0" cb="2"/><line nr="3168" mi="6" ci="7" mb="6" cb="2"/><line nr="3169" mi="0" ci="4" mb="1" cb="1"/><line nr="3172" mi="1" ci="0" mb="0" cb="0"/><line nr="3173" mi="8" ci="0" mb="0" cb="0"/><line nr="3174" mi="3" ci="0" mb="0" cb="0"/><line nr="3175" mi="2" ci="0" mb="0" cb="0"/><counter type="INSTRUCTION" missed="815" covered="3373"/><counter type="BRANCH" missed="195" covered="306"/><counter type="LINE" missed="231" covered="987"/><counter type="COMPLEXITY" missed="167" covered="196"/><counter type="METHOD" missed="9" covered="67"/><counter type="CLASS" missed="0" covered="3"/></sourcefile><counter type="INSTRUCTION" missed="4140" covered="15977"/><counter type="BRANCH" missed="1199" covered="1443"/><counter type="LINE" missed="675" covered="3402"/><counter type="COMPLEXITY" missed="1053" covered="563"/><counter type="METHOD" missed="20" covered="162"/><counter type="CLASS" missed="1" covered="35"/></package><counter type="INSTRUCTION" missed="4140" covered="15977"/><counter type="BRANCH" missed="1199" covered="1443"/><counter type="LINE" missed="675" covered="3402"/><counter type="COMPLEXITY" missed="1053" covered="563"/><counter type="METHOD" missed="20" covered="162"/><counter type="CLASS" missed="1" covered="35"/></group><group name="target/generated-sources/annotations"/><group name="target/generated-test-sources/test-annotations"/><counter type="INSTRUCTION" missed="7339" covered="24709"/><counter type="BRANCH" missed="1832" covered="2176"/><counter type="LINE" missed="1283" covered="5300"/><counter type="COMPLEXITY" missed="1822" covered="994"/><counter type="METHOD" missed="250" covered="431"/><counter type="CLASS" missed="3" covered="85"/></group><counter type="INSTRUCTION" missed="7339" covered="24709"/><counter type="BRANCH" missed="1832" covered="2176"/><counter type="LINE" missed="1283" covered="5300"/><counter type="COMPLEXITY" missed="1822" covered="994"/><counter type="METHOD" missed="250" covered="431"/><counter type="CLASS" missed="3" covered="85"/></report>